CRITICAL - 2024-03-13 10:54:14 --> ErrorException: Undefined array key "banner_image_jpg"
in APPPATH/Views/frontend/seo-page-detail.php on line 60.
 1 APPPATH/Views/frontend/seo-page-detail.php(60): CodeIgniter\Debug\Exceptions->errorHandler(2, 'Undefined array key "banner_image_jpg"', '/home/nshops1/public_html/shishyaguru.nshops.in/app/Views/frontend/seo-page-detail.php', 60)
 2 SYSTEMPATH/View/View.php(228): include('/home/nshops1/public_html/shishyaguru.nshops.in/app/Views/frontend/seo-page-detail.php')
 3 SYSTEMPATH/View/View.php(231): CodeIgniter\View\View->CodeIgniter\View\{closure}()
 4 SYSTEMPATH/Common.php(1178): CodeIgniter\View\View->render('frontend/seo-page-detail', [], true)
 5 APPPATH/Helpers/My_helper.php(34): view('frontend/seo-page-detail', [...])
 6 APPPATH/Controllers/Common.php(205): frontView('seo-page-detail', [...])
 7 APPPATH/Controllers/Common.php(29): App\Controllers\Common->LoadSeoDetails([...])
 8 SYSTEMPATH/CodeIgniter.php(941): App\Controllers\Common->index()
 9 SYSTEMPATH/CodeIgniter.php(502): CodeIgniter\CodeIgniter->runController(Object(App\Controllers\Common))
10 SYSTEMPATH/CodeIgniter.php(361): CodeIgniter\CodeIgniter->handleRequest(null, Object(Config\Cache), false)
11 FCPATH/index.php(79): CodeIgniter\CodeIgniter->run()
INFO - 2024-03-13 10:54:28 --> Session: Class initialized using 'CodeIgniter\Session\Handlers\FileHandler' driver.
CRITICAL - 2024-03-13 10:54:28 --> ErrorException: Undefined array key "banner_image_jpg"
in APPPATH/Views/frontend/seo-page-detail.php on line 60.
 1 APPPATH/Views/frontend/seo-page-detail.php(60): CodeIgniter\Debug\Exceptions->errorHandler(2, 'Undefined array key "banner_image_jpg"', '/home/nshops1/public_html/shishyaguru.nshops.in/app/Views/frontend/seo-page-detail.php', 60)
 2 SYSTEMPATH/View/View.php(228): include('/home/nshops1/public_html/shishyaguru.nshops.in/app/Views/frontend/seo-page-detail.php')
 3 SYSTEMPATH/View/View.php(231): CodeIgniter\View\View->CodeIgniter\View\{closure}()
 4 SYSTEMPATH/Common.php(1178): CodeIgniter\View\View->render('frontend/seo-page-detail', [], true)
 5 APPPATH/Helpers/My_helper.php(34): view('frontend/seo-page-detail', [...])
 6 APPPATH/Controllers/Common.php(205): frontView('seo-page-detail', [...])
 7 APPPATH/Controllers/Common.php(29): App\Controllers\Common->LoadSeoDetails([...])
 8 SYSTEMPATH/CodeIgniter.php(941): App\Controllers\Common->index()
 9 SYSTEMPATH/CodeIgniter.php(502): CodeIgniter\CodeIgniter->runController(Object(App\Controllers\Common))
10 SYSTEMPATH/CodeIgniter.php(361): CodeIgniter\CodeIgniter->handleRequest(null, Object(Config\Cache), false)
11 FCPATH/index.php(79): CodeIgniter\CodeIgniter->run()
INFO - 2024-03-13 10:54:29 --> Session: Class initialized using 'CodeIgniter\Session\Handlers\FileHandler' driver.
INFO - 2024-03-13 10:55:29 --> Session: Class initialized using 'CodeIgniter\Session\Handlers\FileHandler' driver.
INFO - 2024-03-13 10:55:31 --> Session: Class initialized using 'CodeIgniter\Session\Handlers\FileHandler' driver.
INFO - 2024-03-13 10:55:41 --> Session: Class initialized using 'CodeIgniter\Session\Handlers\FileHandler' driver.
INFO - 2024-03-13 10:55:43 --> Session: Class initialized using 'CodeIgniter\Session\Handlers\FileHandler' driver.
INFO - 2024-03-13 10:55:44 --> Session: Class initialized using 'CodeIgniter\Session\Handlers\FileHandler' driver.
INFO - 2024-03-13 10:55:46 --> Session: Class initialized using 'CodeIgniter\Session\Handlers\FileHandler' driver.
INFO - 2024-03-13 10:55:57 --> Session: Class initialized using 'CodeIgniter\Session\Handlers\FileHandler' driver.
INFO - 2024-03-13 10:56:00 --> Session: Class initialized using 'CodeIgniter\Session\Handlers\FileHandler' driver.
INFO - 2024-03-13 10:56:02 --> Session: Class initialized using 'CodeIgniter\Session\Handlers\FileHandler' driver.
INFO - 2024-03-13 10:56:04 --> Session: Class initialized using 'CodeIgniter\Session\Handlers\FileHandler' driver.
INFO - 2024-03-13 10:56:04 --> Session: Class initialized using 'CodeIgniter\Session\Handlers\FileHandler' driver.
INFO - 2024-03-13 10:56:04 --> Session: Class initialized using 'CodeIgniter\Session\Handlers\FileHandler' driver.
INFO - 2024-03-13 10:56:04 --> Session: Class initialized using 'CodeIgniter\Session\Handlers\FileHandler' driver.
INFO - 2024-03-13 10:56:06 --> Session: Class initialized using 'CodeIgniter\Session\Handlers\FileHandler' driver.
INFO - 2024-03-13 10:56:06 --> Session: Class initialized using 'CodeIgniter\Session\Handlers\FileHandler' driver.
INFO - 2024-03-13 10:56:06 --> Session: Class initialized using 'CodeIgniter\Session\Handlers\FileHandler' driver.
INFO - 2024-03-13 10:56:06 --> Session: Class initialized using 'CodeIgniter\Session\Handlers\FileHandler' driver.
INFO - 2024-03-13 10:56:06 --> Session: Class initialized using 'CodeIgniter\Session\Handlers\FileHandler' driver.
INFO - 2024-03-13 10:56:06 --> Session: Class initialized using 'CodeIgniter\Session\Handlers\FileHandler' driver.
INFO - 2024-03-13 10:56:06 --> Session: Class initialized using 'CodeIgniter\Session\Handlers\FileHandler' driver.
INFO - 2024-03-13 10:56:06 --> Session: Class initialized using 'CodeIgniter\Session\Handlers\FileHandler' driver.
INFO - 2024-03-13 10:56:06 --> Session: Class initialized using 'CodeIgniter\Session\Handlers\FileHandler' driver.
INFO - 2024-03-13 10:56:06 --> Session: Class initialized using 'CodeIgniter\Session\Handlers\FileHandler' driver.
INFO - 2024-03-13 10:56:06 --> Session: Class initialized using 'CodeIgniter\Session\Handlers\FileHandler' driver.
INFO - 2024-03-13 10:56:06 --> Session: Class initialized using 'CodeIgniter\Session\Handlers\FileHandler' driver.
INFO - 2024-03-13 10:56:30 --> Session: Class initialized using 'CodeIgniter\Session\Handlers\FileHandler' driver.
INFO - 2024-03-13 10:56:31 --> Session: Class initialized using 'CodeIgniter\Session\Handlers\FileHandler' driver.
INFO - 2024-03-13 10:56:34 --> Session: Class initialized using 'CodeIgniter\Session\Handlers\FileHandler' driver.
INFO - 2024-03-13 10:56:35 --> Session: Class initialized using 'CodeIgniter\Session\Handlers\FileHandler' driver.
INFO - 2024-03-13 10:56:35 --> Session: Class initialized using 'CodeIgniter\Session\Handlers\FileHandler' driver.
INFO - 2024-03-13 10:56:35 --> Session: Class initialized using 'CodeIgniter\Session\Handlers\FileHandler' driver.
INFO - 2024-03-13 10:56:43 --> Session: Class initialized using 'CodeIgniter\Session\Handlers\FileHandler' driver.
INFO - 2024-03-13 10:56:44 --> Session: Class initialized using 'CodeIgniter\Session\Handlers\FileHandler' driver.
INFO - 2024-03-13 10:56:55 --> Session: Class initialized using 'CodeIgniter\Session\Handlers\FileHandler' driver.
INFO - 2024-03-13 10:56:57 --> Session: Class initialized using 'CodeIgniter\Session\Handlers\FileHandler' driver.
INFO - 2024-03-13 10:56:58 --> Session: Class initialized using 'CodeIgniter\Session\Handlers\FileHandler' driver.
INFO - 2024-03-13 10:56:59 --> Session: Class initialized using 'CodeIgniter\Session\Handlers\FileHandler' driver.
INFO - 2024-03-13 10:56:59 --> Session: Class initialized using 'CodeIgniter\Session\Handlers\FileHandler' driver.
INFO - 2024-03-13 10:57:01 --> Session: Class initialized using 'CodeIgniter\Session\Handlers\FileHandler' driver.
INFO - 2024-03-13 10:57:01 --> Session: Class initialized using 'CodeIgniter\Session\Handlers\FileHandler' driver.
INFO - 2024-03-13 10:57:19 --> Session: Class initialized using 'CodeIgniter\Session\Handlers\FileHandler' driver.
INFO - 2024-03-13 10:57:19 --> Session: Class initialized using 'CodeIgniter\Session\Handlers\FileHandler' driver.
INFO - 2024-03-13 10:57:19 --> Session: Class initialized using 'CodeIgniter\Session\Handlers\FileHandler' driver.
INFO - 2024-03-13 10:57:20 --> Session: Class initialized using 'CodeIgniter\Session\Handlers\FileHandler' driver.
INFO - 2024-03-13 10:57:20 --> Session: Class initialized using 'CodeIgniter\Session\Handlers\FileHandler' driver.
INFO - 2024-03-13 10:57:21 --> Session: Class initialized using 'CodeIgniter\Session\Handlers\FileHandler' driver.
INFO - 2024-03-13 10:57:21 --> Session: Class initialized using 'CodeIgniter\Session\Handlers\FileHandler' driver.
INFO - 2024-03-13 10:57:21 --> Session: Class initialized using 'CodeIgniter\Session\Handlers\FileHandler' driver.
INFO - 2024-03-13 10:57:29 --> Session: Class initialized using 'CodeIgniter\Session\Handlers\FileHandler' driver.
INFO - 2024-03-13 10:57:30 --> Session: Class initialized using 'CodeIgniter\Session\Handlers\FileHandler' driver.
INFO - 2024-03-13 10:57:40 --> Session: Class initialized using 'CodeIgniter\Session\Handlers\FileHandler' driver.
INFO - 2024-03-13 10:57:40 --> Session: Class initialized using 'CodeIgniter\Session\Handlers\FileHandler' driver.
INFO - 2024-03-13 10:57:40 --> Session: Class initialized using 'CodeIgniter\Session\Handlers\FileHandler' driver.
INFO - 2024-03-13 10:57:40 --> Session: Class initialized using 'CodeIgniter\Session\Handlers\FileHandler' driver.
INFO - 2024-03-13 10:57:41 --> Session: Class initialized using 'CodeIgniter\Session\Handlers\FileHandler' driver.
INFO - 2024-03-13 10:57:41 --> Session: Class initialized using 'CodeIgniter\Session\Handlers\FileHandler' driver.
INFO - 2024-03-13 10:57:42 --> Session: Class initialized using 'CodeIgniter\Session\Handlers\FileHandler' driver.
INFO - 2024-03-13 10:58:07 --> Session: Class initialized using 'CodeIgniter\Session\Handlers\FileHandler' driver.
INFO - 2024-03-13 10:58:07 --> Session: Class initialized using 'CodeIgniter\Session\Handlers\FileHandler' driver.
INFO - 2024-03-13 10:58:08 --> Session: Class initialized using 'CodeIgniter\Session\Handlers\FileHandler' driver.
INFO - 2024-03-13 10:58:08 --> Session: Class initialized using 'CodeIgniter\Session\Handlers\FileHandler' driver.
INFO - 2024-03-13 10:58:08 --> Session: Class initialized using 'CodeIgniter\Session\Handlers\FileHandler' driver.
INFO - 2024-03-13 10:58:08 --> Session: Class initialized using 'CodeIgniter\Session\Handlers\FileHandler' driver.
INFO - 2024-03-13 10:58:42 --> Session: Class initialized using 'CodeIgniter\Session\Handlers\FileHandler' driver.
INFO - 2024-03-13 10:58:43 --> Session: Class initialized using 'CodeIgniter\Session\Handlers\FileHandler' driver.
INFO - 2024-03-13 10:58:47 --> Session: Class initialized using 'CodeIgniter\Session\Handlers\FileHandler' driver.
INFO - 2024-03-13 10:58:47 --> Session: Class initialized using 'CodeIgniter\Session\Handlers\FileHandler' driver.
INFO - 2024-03-13 10:58:59 --> Session: Class initialized using 'CodeIgniter\Session\Handlers\FileHandler' driver.
INFO - 2024-03-13 10:58:59 --> Session: Class initialized using 'CodeIgniter\Session\Handlers\FileHandler' driver.
INFO - 2024-03-13 10:59:00 --> Session: Class initialized using 'CodeIgniter\Session\Handlers\FileHandler' driver.
INFO - 2024-03-13 10:59:00 --> Session: Class initialized using 'CodeIgniter\Session\Handlers\FileHandler' driver.
INFO - 2024-03-13 10:59:01 --> Session: Class initialized using 'CodeIgniter\Session\Handlers\FileHandler' driver.
INFO - 2024-03-13 10:59:01 --> Session: Class initialized using 'CodeIgniter\Session\Handlers\FileHandler' driver.
INFO - 2024-03-13 10:59:01 --> Session: Class initialized using 'CodeIgniter\Session\Handlers\FileHandler' driver.
INFO - 2024-03-13 11:00:01 --> Session: Class initialized using 'CodeIgniter\Session\Handlers\FileHandler' driver.
INFO - 2024-03-13 11:00:03 --> Session: Class initialized using 'CodeIgniter\Session\Handlers\FileHandler' driver.
INFO - 2024-03-13 11:02:39 --> Session: Class initialized using 'CodeIgniter\Session\Handlers\FileHandler' driver.
INFO - 2024-03-13 11:02:40 --> Session: Class initialized using 'CodeIgniter\Session\Handlers\FileHandler' driver.
INFO - 2024-03-13 11:03:53 --> Session: Class initialized using 'CodeIgniter\Session\Handlers\FileHandler' driver.
INFO - 2024-03-13 11:03:53 --> Session: Class initialized using 'CodeIgniter\Session\Handlers\FileHandler' driver.
INFO - 2024-03-13 11:05:16 --> Session: Class initialized using 'CodeIgniter\Session\Handlers\FileHandler' driver.
INFO - 2024-03-13 11:05:18 --> Session: Class initialized using 'CodeIgniter\Session\Handlers\FileHandler' driver.
INFO - 2024-03-13 11:09:53 --> Session: Class initialized using 'CodeIgniter\Session\Handlers\FileHandler' driver.
INFO - 2024-03-13 11:09:54 --> Session: Class initialized using 'CodeIgniter\Session\Handlers\FileHandler' driver.
INFO - 2024-03-13 11:09:54 --> Session: Class initialized using 'CodeIgniter\Session\Handlers\FileHandler' driver.
INFO - 2024-03-13 11:09:55 --> Session: Class initialized using 'CodeIgniter\Session\Handlers\FileHandler' driver.
INFO - 2024-03-13 11:09:57 --> Session: Class initialized using 'CodeIgniter\Session\Handlers\FileHandler' driver.
INFO - 2024-03-13 11:09:57 --> Session: Class initialized using 'CodeIgniter\Session\Handlers\FileHandler' driver.
INFO - 2024-03-13 11:10:00 --> Session: Class initialized using 'CodeIgniter\Session\Handlers\FileHandler' driver.
INFO - 2024-03-13 11:10:02 --> Session: Class initialized using 'CodeIgniter\Session\Handlers\FileHandler' driver.
INFO - 2024-03-13 11:10:03 --> Session: Class initialized using 'CodeIgniter\Session\Handlers\FileHandler' driver.
INFO - 2024-03-13 11:13:24 --> Session: Class initialized using 'CodeIgniter\Session\Handlers\FileHandler' driver.
INFO - 2024-03-13 11:13:24 --> Session: Class initialized using 'CodeIgniter\Session\Handlers\FileHandler' driver.
INFO - 2024-03-13 11:13:36 --> Session: Class initialized using 'CodeIgniter\Session\Handlers\FileHandler' driver.
INFO - 2024-03-13 11:13:37 --> Session: Class initialized using 'CodeIgniter\Session\Handlers\FileHandler' driver.
INFO - 2024-03-13 11:14:07 --> Session: Class initialized using 'CodeIgniter\Session\Handlers\FileHandler' driver.
INFO - 2024-03-13 11:14:07 --> Session: Class initialized using 'CodeIgniter\Session\Handlers\FileHandler' driver.
INFO - 2024-03-13 11:16:38 --> Session: Class initialized using 'CodeIgniter\Session\Handlers\FileHandler' driver.
INFO - 2024-03-13 11:16:38 --> Session: Class initialized using 'CodeIgniter\Session\Handlers\FileHandler' driver.
INFO - 2024-03-13 11:16:39 --> Session: Class initialized using 'CodeIgniter\Session\Handlers\FileHandler' driver.
INFO - 2024-03-13 11:19:12 --> Session: Class initialized using 'CodeIgniter\Session\Handlers\FileHandler' driver.
INFO - 2024-03-13 11:19:13 --> Session: Class initialized using 'CodeIgniter\Session\Handlers\FileHandler' driver.
INFO - 2024-03-13 11:19:14 --> Session: Class initialized using 'CodeIgniter\Session\Handlers\FileHandler' driver.
INFO - 2024-03-13 11:19:14 --> Session: Class initialized using 'CodeIgniter\Session\Handlers\FileHandler' driver.
INFO - 2024-03-13 11:19:14 --> Session: Class initialized using 'CodeIgniter\Session\Handlers\FileHandler' driver.
INFO - 2024-03-13 11:19:16 --> Session: Class initialized using 'CodeIgniter\Session\Handlers\FileHandler' driver.
INFO - 2024-03-13 11:19:17 --> Session: Class initialized using 'CodeIgniter\Session\Handlers\FileHandler' driver.
INFO - 2024-03-13 11:19:50 --> Session: Class initialized using 'CodeIgniter\Session\Handlers\FileHandler' driver.
INFO - 2024-03-13 11:19:51 --> Session: Class initialized using 'CodeIgniter\Session\Handlers\FileHandler' driver.
INFO - 2024-03-13 11:19:53 --> Session: Class initialized using 'CodeIgniter\Session\Handlers\FileHandler' driver.
INFO - 2024-03-13 11:19:53 --> Session: Class initialized using 'CodeIgniter\Session\Handlers\FileHandler' driver.
INFO - 2024-03-13 11:19:56 --> Session: Class initialized using 'CodeIgniter\Session\Handlers\FileHandler' driver.
INFO - 2024-03-13 11:19:57 --> Session: Class initialized using 'CodeIgniter\Session\Handlers\FileHandler' driver.
INFO - 2024-03-13 11:19:58 --> Session: Class initialized using 'CodeIgniter\Session\Handlers\FileHandler' driver.
INFO - 2024-03-13 11:19:58 --> Session: Class initialized using 'CodeIgniter\Session\Handlers\FileHandler' driver.
INFO - 2024-03-13 11:20:09 --> Session: Class initialized using 'CodeIgniter\Session\Handlers\FileHandler' driver.
INFO - 2024-03-13 11:20:10 --> Session: Class initialized using 'CodeIgniter\Session\Handlers\FileHandler' driver.
INFO - 2024-03-13 11:20:31 --> Session: Class initialized using 'CodeIgniter\Session\Handlers\FileHandler' driver.
INFO - 2024-03-13 11:20:31 --> Session: Class initialized using 'CodeIgniter\Session\Handlers\FileHandler' driver.
INFO - 2024-03-13 11:21:13 --> Session: Class initialized using 'CodeIgniter\Session\Handlers\FileHandler' driver.
INFO - 2024-03-13 11:21:14 --> Session: Class initialized using 'CodeIgniter\Session\Handlers\FileHandler' driver.
INFO - 2024-03-13 11:21:15 --> Session: Class initialized using 'CodeIgniter\Session\Handlers\FileHandler' driver.
INFO - 2024-03-13 11:21:15 --> Session: Class initialized using 'CodeIgniter\Session\Handlers\FileHandler' driver.
INFO - 2024-03-13 11:21:17 --> Session: Class initialized using 'CodeIgniter\Session\Handlers\FileHandler' driver.
INFO - 2024-03-13 11:21:17 --> Session: Class initialized using 'CodeIgniter\Session\Handlers\FileHandler' driver.
INFO - 2024-03-13 11:21:48 --> Session: Class initialized using 'CodeIgniter\Session\Handlers\FileHandler' driver.
INFO - 2024-03-13 11:21:49 --> Session: Class initialized using 'CodeIgniter\Session\Handlers\FileHandler' driver.
INFO - 2024-03-13 11:21:49 --> Session: Class initialized using 'CodeIgniter\Session\Handlers\FileHandler' driver.
INFO - 2024-03-13 11:22:57 --> Session: Class initialized using 'CodeIgniter\Session\Handlers\FileHandler' driver.
INFO - 2024-03-13 11:22:57 --> Session: Class initialized using 'CodeIgniter\Session\Handlers\FileHandler' driver.
INFO - 2024-03-13 11:22:58 --> Session: Class initialized using 'CodeIgniter\Session\Handlers\FileHandler' driver.
INFO - 2024-03-13 11:23:51 --> Session: Class initialized using 'CodeIgniter\Session\Handlers\FileHandler' driver.
INFO - 2024-03-13 11:23:53 --> Session: Class initialized using 'CodeIgniter\Session\Handlers\FileHandler' driver.
INFO - 2024-03-13 11:23:53 --> Session: Class initialized using 'CodeIgniter\Session\Handlers\FileHandler' driver.
INFO - 2024-03-13 11:23:53 --> Session: Class initialized using 'CodeIgniter\Session\Handlers\FileHandler' driver.
INFO - 2024-03-13 11:24:09 --> Session: Class initialized using 'CodeIgniter\Session\Handlers\FileHandler' driver.
INFO - 2024-03-13 11:24:11 --> Session: Class initialized using 'CodeIgniter\Session\Handlers\FileHandler' driver.
INFO - 2024-03-13 11:24:25 --> Session: Class initialized using 'CodeIgniter\Session\Handlers\FileHandler' driver.
INFO - 2024-03-13 11:24:27 --> Session: Class initialized using 'CodeIgniter\Session\Handlers\FileHandler' driver.
INFO - 2024-03-13 11:25:13 --> Session: Class initialized using 'CodeIgniter\Session\Handlers\FileHandler' driver.
INFO - 2024-03-13 11:25:13 --> Session: Class initialized using 'CodeIgniter\Session\Handlers\FileHandler' driver.
INFO - 2024-03-13 11:25:15 --> Session: Class initialized using 'CodeIgniter\Session\Handlers\FileHandler' driver.
INFO - 2024-03-13 11:25:16 --> Session: Class initialized using 'CodeIgniter\Session\Handlers\FileHandler' driver.
INFO - 2024-03-13 11:25:16 --> Session: Class initialized using 'CodeIgniter\Session\Handlers\FileHandler' driver.
INFO - 2024-03-13 11:25:17 --> Session: Class initialized using 'CodeIgniter\Session\Handlers\FileHandler' driver.
INFO - 2024-03-13 11:25:18 --> Session: Class initialized using 'CodeIgniter\Session\Handlers\FileHandler' driver.
INFO - 2024-03-13 11:25:18 --> Session: Class initialized using 'CodeIgniter\Session\Handlers\FileHandler' driver.
INFO - 2024-03-13 11:25:19 --> Session: Class initialized using 'CodeIgniter\Session\Handlers\FileHandler' driver.
INFO - 2024-03-13 11:25:19 --> Session: Class initialized using 'CodeIgniter\Session\Handlers\FileHandler' driver.
INFO - 2024-03-13 11:27:26 --> Session: Class initialized using 'CodeIgniter\Session\Handlers\FileHandler' driver.
INFO - 2024-03-13 11:27:26 --> Session: Class initialized using 'CodeIgniter\Session\Handlers\FileHandler' driver.
INFO - 2024-03-13 11:27:27 --> Session: Class initialized using 'CodeIgniter\Session\Handlers\FileHandler' driver.
INFO - 2024-03-13 11:27:30 --> Session: Class initialized using 'CodeIgniter\Session\Handlers\FileHandler' driver.
INFO - 2024-03-13 11:27:32 --> Session: Class initialized using 'CodeIgniter\Session\Handlers\FileHandler' driver.
INFO - 2024-03-13 11:27:32 --> Session: Class initialized using 'CodeIgniter\Session\Handlers\FileHandler' driver.
INFO - 2024-03-13 11:27:33 --> Session: Class initialized using 'CodeIgniter\Session\Handlers\FileHandler' driver.
CRITICAL - 2024-03-13 11:40:16 --> ErrorException: Undefined property: App\Controllers\Common::$db
in APPPATH/Controllers/Common.php on line 212.
 1 APPPATH/Controllers/Common.php(212): CodeIgniter\Debug\Exceptions->errorHandler(2, 'Undefined property: App\\Controllers\\Common::$db', '/home/nshops1/public_html/shishyaguru.nshops.in/app/Controllers/Common.php', 212)
 2 APPPATH/Controllers/Common.php(29): App\Controllers\Common->LoadSeoDetails([...])
 3 SYSTEMPATH/CodeIgniter.php(941): App\Controllers\Common->index()
 4 SYSTEMPATH/CodeIgniter.php(502): CodeIgniter\CodeIgniter->runController(Object(App\Controllers\Common))
 5 SYSTEMPATH/CodeIgniter.php(361): CodeIgniter\CodeIgniter->handleRequest(null, Object(Config\Cache), false)
 6 FCPATH/index.php(79): CodeIgniter\CodeIgniter->run()
INFO - 2024-03-13 11:40:23 --> Session: Class initialized using 'CodeIgniter\Session\Handlers\FileHandler' driver.
CRITICAL - 2024-03-13 11:40:23 --> ErrorException: Undefined property: App\Controllers\Common::$db
in APPPATH/Controllers/Common.php on line 212.
 1 APPPATH/Controllers/Common.php(212): CodeIgniter\Debug\Exceptions->errorHandler(2, 'Undefined property: App\\Controllers\\Common::$db', '/home/nshops1/public_html/shishyaguru.nshops.in/app/Controllers/Common.php', 212)
 2 APPPATH/Controllers/Common.php(29): App\Controllers\Common->LoadSeoDetails([...])
 3 SYSTEMPATH/CodeIgniter.php(941): App\Controllers\Common->index()
 4 SYSTEMPATH/CodeIgniter.php(502): CodeIgniter\CodeIgniter->runController(Object(App\Controllers\Common))
 5 SYSTEMPATH/CodeIgniter.php(361): CodeIgniter\CodeIgniter->handleRequest(null, Object(Config\Cache), false)
 6 FCPATH/index.php(79): CodeIgniter\CodeIgniter->run()
INFO - 2024-03-13 11:40:24 --> Session: Class initialized using 'CodeIgniter\Session\Handlers\FileHandler' driver.
INFO - 2024-03-13 11:40:41 --> Session: Class initialized using 'CodeIgniter\Session\Handlers\FileHandler' driver.
INFO - 2024-03-13 11:40:41 --> Session: Class initialized using 'CodeIgniter\Session\Handlers\FileHandler' driver.
INFO - 2024-03-13 11:41:19 --> Session: Class initialized using 'CodeIgniter\Session\Handlers\FileHandler' driver.
INFO - 2024-03-13 11:41:19 --> Session: Class initialized using 'CodeIgniter\Session\Handlers\FileHandler' driver.
INFO - 2024-03-13 11:41:56 --> Session: Class initialized using 'CodeIgniter\Session\Handlers\FileHandler' driver.
INFO - 2024-03-13 11:41:57 --> Session: Class initialized using 'CodeIgniter\Session\Handlers\FileHandler' driver.
INFO - 2024-03-13 11:45:00 --> Session: Class initialized using 'CodeIgniter\Session\Handlers\FileHandler' driver.
INFO - 2024-03-13 11:45:04 --> Session: Class initialized using 'CodeIgniter\Session\Handlers\FileHandler' driver.
INFO - 2024-03-13 11:45:23 --> Session: Class initialized using 'CodeIgniter\Session\Handlers\FileHandler' driver.
INFO - 2024-03-13 11:45:23 --> Session: Class initialized using 'CodeIgniter\Session\Handlers\FileHandler' driver.
INFO - 2024-03-13 11:45:24 --> Session: Class initialized using 'CodeIgniter\Session\Handlers\FileHandler' driver.
INFO - 2024-03-13 11:45:24 --> Session: Class initialized using 'CodeIgniter\Session\Handlers\FileHandler' driver.
INFO - 2024-03-13 11:45:24 --> Session: Class initialized using 'CodeIgniter\Session\Handlers\FileHandler' driver.
INFO - 2024-03-13 11:45:25 --> Session: Class initialized using 'CodeIgniter\Session\Handlers\FileHandler' driver.
INFO - 2024-03-13 11:45:27 --> Session: Class initialized using 'CodeIgniter\Session\Handlers\FileHandler' driver.
INFO - 2024-03-13 11:45:31 --> Session: Class initialized using 'CodeIgniter\Session\Handlers\FileHandler' driver.
INFO - 2024-03-13 11:45:32 --> Session: Class initialized using 'CodeIgniter\Session\Handlers\FileHandler' driver.
INFO - 2024-03-13 11:45:42 --> Session: Class initialized using 'CodeIgniter\Session\Handlers\FileHandler' driver.
INFO - 2024-03-13 11:46:07 --> Session: Class initialized using 'CodeIgniter\Session\Handlers\FileHandler' driver.
INFO - 2024-03-13 11:46:09 --> Session: Class initialized using 'CodeIgniter\Session\Handlers\FileHandler' driver.
INFO - 2024-03-13 11:46:09 --> Session: Class initialized using 'CodeIgniter\Session\Handlers\FileHandler' driver.
INFO - 2024-03-13 11:46:12 --> Session: Class initialized using 'CodeIgniter\Session\Handlers\FileHandler' driver.
INFO - 2024-03-13 11:46:13 --> Session: Class initialized using 'CodeIgniter\Session\Handlers\FileHandler' driver.
INFO - 2024-03-13 11:46:16 --> Session: Class initialized using 'CodeIgniter\Session\Handlers\FileHandler' driver.
INFO - 2024-03-13 11:46:17 --> Session: Class initialized using 'CodeIgniter\Session\Handlers\FileHandler' driver.
INFO - 2024-03-13 11:46:21 --> Session: Class initialized using 'CodeIgniter\Session\Handlers\FileHandler' driver.
INFO - 2024-03-13 11:46:24 --> Session: Class initialized using 'CodeIgniter\Session\Handlers\FileHandler' driver.
CRITICAL - 2024-03-13 15:14:40 --> ErrorException: Allowed memory size of 33554432 bytes exhausted (tried to allocate 9845760 bytes)
in APPPATH/Helpers/My_helper.php on line 104.
 1 [internal function]: CodeIgniter\Debug\Exceptions->shutdownHandler()
INFO - 2024-03-13 15:14:49 --> Session: Class initialized using 'CodeIgniter\Session\Handlers\FileHandler' driver.
CRITICAL - 2024-03-13 15:14:50 --> ErrorException: Allowed memory size of 33554432 bytes exhausted (tried to allocate 9845760 bytes)
in APPPATH/Helpers/My_helper.php on line 104.
 1 [internal function]: CodeIgniter\Debug\Exceptions->shutdownHandler()
INFO - 2024-03-13 15:14:50 --> Session: Class initialized using 'CodeIgniter\Session\Handlers\FileHandler' driver.
INFO - 2024-03-13 15:16:02 --> Session: Class initialized using 'CodeIgniter\Session\Handlers\FileHandler' driver.
INFO - 2024-03-13 15:16:02 --> Session: Class initialized using 'CodeIgniter\Session\Handlers\FileHandler' driver.
INFO - 2024-03-13 15:16:03 --> Session: Class initialized using 'CodeIgniter\Session\Handlers\FileHandler' driver.
INFO - 2024-03-13 15:16:04 --> Session: Class initialized using 'CodeIgniter\Session\Handlers\FileHandler' driver.
INFO - 2024-03-13 15:16:04 --> Session: Class initialized using 'CodeIgniter\Session\Handlers\FileHandler' driver.
ERROR - 2024-03-13 15:37:31 --> mysqli_sql_exception: You have an error in your SQL syntax; check the manual that corresponds to your MySQL server version for the right syntax to use near 'DISTINCT(subject_name), `image_jpg`, `image_webp`, `image_alt`
FROM `dt_subject_' at line 1 in /home/nshops1/public_html/shishyaguru.nshops.in/system/Database/MySQLi/Connection.php:306
Stack trace:
#0 /home/nshops1/public_html/shishyaguru.nshops.in/system/Database/MySQLi/Connection.php(306): mysqli->query('SELECT `id`, DI...', 0)
#1 /home/nshops1/public_html/shishyaguru.nshops.in/system/Database/BaseConnection.php(693): CodeIgniter\Database\MySQLi\Connection->execute('SELECT `id`, DI...')
#2 /home/nshops1/public_html/shishyaguru.nshops.in/system/Database/BaseConnection.php(607): CodeIgniter\Database\BaseConnection->simpleQuery('SELECT `id`, DI...')
#3 /home/nshops1/public_html/shishyaguru.nshops.in/system/Database/BaseBuilder.php(1616): CodeIgniter\Database\BaseConnection->query('SELECT `id`, DI...', Array, false)
#4 /home/nshops1/public_html/shishyaguru.nshops.in/app/Models/Common_model.php(69): CodeIgniter\Database\BaseBuilder->get()
#5 /home/nshops1/public_html/shishyaguru.nshops.in/app/Controllers/Home.php(24): App\Models\Common_model->getAllData('subject_list', 'id,DISTINCT(sub...', Array)
#6 /home/nshops1/public_html/shishyaguru.nshops.in/system/CodeIgniter.php(941): App\Controllers\Home->index()
#7 /home/nshops1/public_html/shishyaguru.nshops.in/system/CodeIgniter.php(502): CodeIgniter\CodeIgniter->runController(Object(App\Controllers\Home))
#8 /home/nshops1/public_html/shishyaguru.nshops.in/system/CodeIgniter.php(361): CodeIgniter\CodeIgniter->handleRequest(NULL, Object(Config\Cache), false)
#9 /home/nshops1/public_html/shishyaguru.nshops.in/index.php(79): CodeIgniter\CodeIgniter->run()
#10 {main}
CRITICAL - 2024-03-13 15:37:31 --> CodeIgniter\Database\Exceptions\DatabaseException: You have an error in your SQL syntax; check the manual that corresponds to your MySQL server version for the right syntax to use near 'DISTINCT(subject_name), `image_jpg`, `image_webp`, `image_alt`
FROM `dt_subject_' at line 1
in SYSTEMPATH/Database/BaseConnection.php on line 647.
 1 SYSTEMPATH/Database/BaseBuilder.php(1616): CodeIgniter\Database\BaseConnection->query('SELECT `id`, DISTINCT(subject_name), `image_jpg`, `image_webp`, `image_alt`
FROM `dt_subject_list`
WHERE `status` = :status:', [...], false)
 2 APPPATH/Models/Common_model.php(69): CodeIgniter\Database\BaseBuilder->get()
 3 APPPATH/Controllers/Home.php(24): App\Models\Common_model->getAllData('subject_list', 'id,DISTINCT(subject_name),image_jpg,image_webp,image_alt', [...])
 4 SYSTEMPATH/CodeIgniter.php(941): App\Controllers\Home->index()
 5 SYSTEMPATH/CodeIgniter.php(502): CodeIgniter\CodeIgniter->runController(Object(App\Controllers\Home))
 6 SYSTEMPATH/CodeIgniter.php(361): CodeIgniter\CodeIgniter->handleRequest(null, Object(Config\Cache), false)
 7 FCPATH/index.php(79): CodeIgniter\CodeIgniter->run()
CRITICAL - 2024-03-13 15:37:31 --> [Caused by] CodeIgniter\Database\Exceptions\DatabaseException: You have an error in your SQL syntax; check the manual that corresponds to your MySQL server version for the right syntax to use near 'DISTINCT(subject_name), `image_jpg`, `image_webp`, `image_alt`
FROM `dt_subject_' at line 1
in SYSTEMPATH/Database/MySQLi/Connection.php on line 311.
 1 SYSTEMPATH/Database/BaseConnection.php(693): CodeIgniter\Database\MySQLi\Connection->execute('SELECT `id`, DISTINCT(subject_name), `image_jpg`, `image_webp`, `image_alt`
FROM `dt_subject_list`
WHERE `status` = \'Active\'')
 2 SYSTEMPATH/Database/BaseConnection.php(607): CodeIgniter\Database\BaseConnection->simpleQuery('SELECT `id`, DISTINCT(subject_name), `image_jpg`, `image_webp`, `image_alt`
FROM `dt_subject_list`
WHERE `status` = \'Active\'')
 3 SYSTEMPATH/Database/BaseBuilder.php(1616): CodeIgniter\Database\BaseConnection->query('SELECT `id`, DISTINCT(subject_name), `image_jpg`, `image_webp`, `image_alt`
FROM `dt_subject_list`
WHERE `status` = :status:', [...], false)
 4 APPPATH/Models/Common_model.php(69): CodeIgniter\Database\BaseBuilder->get()
 5 APPPATH/Controllers/Home.php(24): App\Models\Common_model->getAllData('subject_list', 'id,DISTINCT(subject_name),image_jpg,image_webp,image_alt', [...])
 6 SYSTEMPATH/CodeIgniter.php(941): App\Controllers\Home->index()
 7 SYSTEMPATH/CodeIgniter.php(502): CodeIgniter\CodeIgniter->runController(Object(App\Controllers\Home))
 8 SYSTEMPATH/CodeIgniter.php(361): CodeIgniter\CodeIgniter->handleRequest(null, Object(Config\Cache), false)
 9 FCPATH/index.php(79): CodeIgniter\CodeIgniter->run()
CRITICAL - 2024-03-13 15:37:31 --> [Caused by] mysqli_sql_exception: You have an error in your SQL syntax; check the manual that corresponds to your MySQL server version for the right syntax to use near 'DISTINCT(subject_name), `image_jpg`, `image_webp`, `image_alt`
FROM `dt_subject_' at line 1
in SYSTEMPATH/Database/MySQLi/Connection.php on line 306.
 1 SYSTEMPATH/Database/MySQLi/Connection.php(306): mysqli->query('SELECT `id`, DISTINCT(subject_name), `image_jpg`, `image_webp`, `image_alt`
FROM `dt_subject_list`
WHERE `status` = \'Active\'', 0)
 2 SYSTEMPATH/Database/BaseConnection.php(693): CodeIgniter\Database\MySQLi\Connection->execute('SELECT `id`, DISTINCT(subject_name), `image_jpg`, `image_webp`, `image_alt`
FROM `dt_subject_list`
WHERE `status` = \'Active\'')
 3 SYSTEMPATH/Database/BaseConnection.php(607): CodeIgniter\Database\BaseConnection->simpleQuery('SELECT `id`, DISTINCT(subject_name), `image_jpg`, `image_webp`, `image_alt`
FROM `dt_subject_list`
WHERE `status` = \'Active\'')
 4 SYSTEMPATH/Database/BaseBuilder.php(1616): CodeIgniter\Database\BaseConnection->query('SELECT `id`, DISTINCT(subject_name), `image_jpg`, `image_webp`, `image_alt`
FROM `dt_subject_list`
WHERE `status` = :status:', [...], false)
 5 APPPATH/Models/Common_model.php(69): CodeIgniter\Database\BaseBuilder->get()
 6 APPPATH/Controllers/Home.php(24): App\Models\Common_model->getAllData('subject_list', 'id,DISTINCT(subject_name),image_jpg,image_webp,image_alt', [...])
 7 SYSTEMPATH/CodeIgniter.php(941): App\Controllers\Home->index()
 8 SYSTEMPATH/CodeIgniter.php(502): CodeIgniter\CodeIgniter->runController(Object(App\Controllers\Home))
 9 SYSTEMPATH/CodeIgniter.php(361): CodeIgniter\CodeIgniter->handleRequest(null, Object(Config\Cache), false)
10 FCPATH/index.php(79): CodeIgniter\CodeIgniter->run()
CRITICAL - 2024-03-13 17:26:09 --> ErrorException: Trying to access array offset on value of type null
in APPPATH/Views/frontend/detail-page.php on line 15.
 1 APPPATH/Views/frontend/detail-page.php(15): CodeIgniter\Debug\Exceptions->errorHandler(2, 'Trying to access array offset on value of type null', '/home/nshops1/public_html/shishyaguru.nshops.in/app/Views/frontend/detail-page.php', 15)
 2 SYSTEMPATH/View/View.php(228): include('/home/nshops1/public_html/shishyaguru.nshops.in/app/Views/frontend/detail-page.php')
 3 SYSTEMPATH/View/View.php(231): CodeIgniter\View\View->CodeIgniter\View\{closure}()
 4 SYSTEMPATH/Common.php(1178): CodeIgniter\View\View->render('frontend/detail-page', [], true)
 5 APPPATH/Helpers/My_helper.php(34): view('frontend/detail-page', [...])
 6 APPPATH/Controllers/Common.php(197): frontView('detail-page', [...])
 7 APPPATH/Controllers/Common.php(27): App\Controllers\Common->LoadTutorDetails([...])
 8 SYSTEMPATH/CodeIgniter.php(941): App\Controllers\Common->index()
 9 SYSTEMPATH/CodeIgniter.php(502): CodeIgniter\CodeIgniter->runController(Object(App\Controllers\Common))
10 SYSTEMPATH/CodeIgniter.php(361): CodeIgniter\CodeIgniter->handleRequest(null, Object(Config\Cache), false)
11 FCPATH/index.php(79): CodeIgniter\CodeIgniter->run()
INFO - 2024-03-13 17:26:16 --> Session: Class initialized using 'CodeIgniter\Session\Handlers\FileHandler' driver.
CRITICAL - 2024-03-13 17:26:16 --> ErrorException: Trying to access array offset on value of type null
in APPPATH/Views/frontend/detail-page.php on line 15.
 1 APPPATH/Views/frontend/detail-page.php(15): CodeIgniter\Debug\Exceptions->errorHandler(2, 'Trying to access array offset on value of type null', '/home/nshops1/public_html/shishyaguru.nshops.in/app/Views/frontend/detail-page.php', 15)
 2 SYSTEMPATH/View/View.php(228): include('/home/nshops1/public_html/shishyaguru.nshops.in/app/Views/frontend/detail-page.php')
 3 SYSTEMPATH/View/View.php(231): CodeIgniter\View\View->CodeIgniter\View\{closure}()
 4 SYSTEMPATH/Common.php(1178): CodeIgniter\View\View->render('frontend/detail-page', [], true)
 5 APPPATH/Helpers/My_helper.php(34): view('frontend/detail-page', [...])
 6 APPPATH/Controllers/Common.php(197): frontView('detail-page', [...])
 7 APPPATH/Controllers/Common.php(27): App\Controllers\Common->LoadTutorDetails([...])
 8 SYSTEMPATH/CodeIgniter.php(941): App\Controllers\Common->index()
 9 SYSTEMPATH/CodeIgniter.php(502): CodeIgniter\CodeIgniter->runController(Object(App\Controllers\Common))
10 SYSTEMPATH/CodeIgniter.php(361): CodeIgniter\CodeIgniter->handleRequest(null, Object(Config\Cache), false)
11 FCPATH/index.php(79): CodeIgniter\CodeIgniter->run()
INFO - 2024-03-13 17:26:17 --> Session: Class initialized using 'CodeIgniter\Session\Handlers\FileHandler' driver.
INFO - 2024-03-13 17:27:34 --> Session: Class initialized using 'CodeIgniter\Session\Handlers\FileHandler' driver.
INFO - 2024-03-13 17:27:35 --> Session: Class initialized using 'CodeIgniter\Session\Handlers\FileHandler' driver.
INFO - 2024-03-13 17:27:35 --> Session: Class initialized using 'CodeIgniter\Session\Handlers\FileHandler' driver.
INFO - 2024-03-13 17:27:37 --> Session: Class initialized using 'CodeIgniter\Session\Handlers\FileHandler' driver.
INFO - 2024-03-13 17:27:39 --> Session: Class initialized using 'CodeIgniter\Session\Handlers\FileHandler' driver.
INFO - 2024-03-13 17:27:40 --> Session: Class initialized using 'CodeIgniter\Session\Handlers\FileHandler' driver.
INFO - 2024-03-13 17:27:41 --> Session: Class initialized using 'CodeIgniter\Session\Handlers\FileHandler' driver.
INFO - 2024-03-13 17:29:01 --> Session: Class initialized using 'CodeIgniter\Session\Handlers\FileHandler' driver.
INFO - 2024-03-13 17:29:09 --> Session: Class initialized using 'CodeIgniter\Session\Handlers\FileHandler' driver.
CRITICAL - 2024-03-13 17:36:59 --> TypeError: CodeIgniter\Database\BaseBuilder::orderBy(): Argument #2 ($direction) must be of type string, null given, called in /home/nshops1/public_html/shishyaguru.nshops.in/app/Models/Common_model.php on line 46
in SYSTEMPATH/Database/BaseBuilder.php on line 1438.
 1 APPPATH/Models/Common_model.php(46): CodeIgniter\Database\BaseBuilder->orderBy('id rand()', null)
 2 APPPATH/Controllers/Common.php(200): App\Models\Common_model->getAllData('testimonial_list', 'testimonial,rating', [...], 5, null, null, 'id rand()')
 3 APPPATH/Controllers/Common.php(27): App\Controllers\Common->LoadTutorDetails([...])
 4 SYSTEMPATH/CodeIgniter.php(941): App\Controllers\Common->index()
 5 SYSTEMPATH/CodeIgniter.php(502): CodeIgniter\CodeIgniter->runController(Object(App\Controllers\Common))
 6 SYSTEMPATH/CodeIgniter.php(361): CodeIgniter\CodeIgniter->handleRequest(null, Object(Config\Cache), false)
 7 FCPATH/index.php(79): CodeIgniter\CodeIgniter->run()
CRITICAL - 2024-03-13 17:37:37 --> TypeError: CodeIgniter\Database\BaseBuilder::orderBy(): Argument #2 ($direction) must be of type string, null given, called in /home/nshops1/public_html/shishyaguru.nshops.in/app/Models/Common_model.php on line 46
in SYSTEMPATH/Database/BaseBuilder.php on line 1438.
 1 APPPATH/Models/Common_model.php(46): CodeIgniter\Database\BaseBuilder->orderBy('id RAND()', null)
 2 APPPATH/Controllers/Common.php(200): App\Models\Common_model->getAllData('testimonial_list', 'testimonial,rating', [...], 5, null, null, 'id RAND()')
 3 APPPATH/Controllers/Common.php(27): App\Controllers\Common->LoadTutorDetails([...])
 4 SYSTEMPATH/CodeIgniter.php(941): App\Controllers\Common->index()
 5 SYSTEMPATH/CodeIgniter.php(502): CodeIgniter\CodeIgniter->runController(Object(App\Controllers\Common))
 6 SYSTEMPATH/CodeIgniter.php(361): CodeIgniter\CodeIgniter->handleRequest(null, Object(Config\Cache), false)
 7 FCPATH/index.php(79): CodeIgniter\CodeIgniter->run()
CRITICAL - 2024-03-13 17:38:02 --> TypeError: CodeIgniter\Database\BaseBuilder::orderBy(): Argument #2 ($direction) must be of type string, null given, called in /home/nshops1/public_html/shishyaguru.nshops.in/app/Models/Common_model.php on line 46
in SYSTEMPATH/Database/BaseBuilder.php on line 1438.
 1 APPPATH/Models/Common_model.php(46): CodeIgniter\Database\BaseBuilder->orderBy('id, RAND()', null)
 2 APPPATH/Controllers/Common.php(208): App\Models\Common_model->getAllData('testimonial_list', 'testimonial, rating', [...], 5, null, null, 'id, RAND()')
 3 APPPATH/Controllers/Common.php(27): App\Controllers\Common->LoadTutorDetails([...])
 4 SYSTEMPATH/CodeIgniter.php(941): App\Controllers\Common->index()
 5 SYSTEMPATH/CodeIgniter.php(502): CodeIgniter\CodeIgniter->runController(Object(App\Controllers\Common))
 6 SYSTEMPATH/CodeIgniter.php(361): CodeIgniter\CodeIgniter->handleRequest(null, Object(Config\Cache), false)
 7 FCPATH/index.php(79): CodeIgniter\CodeIgniter->run()
ERROR - 2024-03-13 17:39:19 --> mysqli_sql_exception: Unknown column 'null' in 'order clause' in /home/nshops1/public_html/shishyaguru.nshops.in/system/Database/MySQLi/Connection.php:306
Stack trace:
#0 /home/nshops1/public_html/shishyaguru.nshops.in/system/Database/MySQLi/Connection.php(306): mysqli->query('SELECT `testimo...', 0)
#1 /home/nshops1/public_html/shishyaguru.nshops.in/system/Database/BaseConnection.php(693): CodeIgniter\Database\MySQLi\Connection->execute('SELECT `testimo...')
#2 /home/nshops1/public_html/shishyaguru.nshops.in/system/Database/BaseConnection.php(607): CodeIgniter\Database\BaseConnection->simpleQuery('SELECT `testimo...')
#3 /home/nshops1/public_html/shishyaguru.nshops.in/system/Database/BaseBuilder.php(1616): CodeIgniter\Database\BaseConnection->query('SELECT `testimo...', Array, false)
#4 /home/nshops1/public_html/shishyaguru.nshops.in/app/Models/Common_model.php(65): CodeIgniter\Database\BaseBuilder->get()
#5 /home/nshops1/public_html/shishyaguru.nshops.in/app/Controllers/Common.php(208): App\Models\Common_model->getAllData('testimonial_lis...', 'testimonial, ra...', Array, 5, NULL, 'RAND()', 'null')
#6 /home/nshops1/public_html/shishyaguru.nshops.in/app/Controllers/Common.php(27): App\Controllers\Common->LoadTutorDetails(Array)
#7 /home/nshops1/public_html/shishyaguru.nshops.in/system/CodeIgniter.php(941): App\Controllers\Common->index()
#8 /home/nshops1/public_html/shishyaguru.nshops.in/system/CodeIgniter.php(502): CodeIgniter\CodeIgniter->runController(Object(App\Controllers\Common))
#9 /home/nshops1/public_html/shishyaguru.nshops.in/system/CodeIgniter.php(361): CodeIgniter\CodeIgniter->handleRequest(NULL, Object(Config\Cache), false)
#10 /home/nshops1/public_html/shishyaguru.nshops.in/index.php(79): CodeIgniter\CodeIgniter->run()
#11 {main}
CRITICAL - 2024-03-13 17:39:19 --> CodeIgniter\Database\Exceptions\DatabaseException: Unknown column 'null' in 'order clause'
in SYSTEMPATH/Database/BaseConnection.php on line 647.
 1 SYSTEMPATH/Database/BaseBuilder.php(1616): CodeIgniter\Database\BaseConnection->query('SELECT `testimonial`, `rating`
FROM `dt_testimonial_list`
WHERE `status` = :status:
ORDER BY `null`
 LIMIT 5', [...], false)
 2 APPPATH/Models/Common_model.php(65): CodeIgniter\Database\BaseBuilder->get()
 3 APPPATH/Controllers/Common.php(208): App\Models\Common_model->getAllData('testimonial_list', 'testimonial, rating', [...], 5, null, 'RAND()', 'null')
 4 APPPATH/Controllers/Common.php(27): App\Controllers\Common->LoadTutorDetails([...])
 5 SYSTEMPATH/CodeIgniter.php(941): App\Controllers\Common->index()
 6 SYSTEMPATH/CodeIgniter.php(502): CodeIgniter\CodeIgniter->runController(Object(App\Controllers\Common))
 7 SYSTEMPATH/CodeIgniter.php(361): CodeIgniter\CodeIgniter->handleRequest(null, Object(Config\Cache), false)
 8 FCPATH/index.php(79): CodeIgniter\CodeIgniter->run()
CRITICAL - 2024-03-13 17:39:19 --> [Caused by] CodeIgniter\Database\Exceptions\DatabaseException: Unknown column 'null' in 'order clause'
in SYSTEMPATH/Database/MySQLi/Connection.php on line 311.
 1 SYSTEMPATH/Database/BaseConnection.php(693): CodeIgniter\Database\MySQLi\Connection->execute('SELECT `testimonial`, `rating`
FROM `dt_testimonial_list`
WHERE `status` = \'Active\'
ORDER BY `null`
 LIMIT 5')
 2 SYSTEMPATH/Database/BaseConnection.php(607): CodeIgniter\Database\BaseConnection->simpleQuery('SELECT `testimonial`, `rating`
FROM `dt_testimonial_list`
WHERE `status` = \'Active\'
ORDER BY `null`
 LIMIT 5')
 3 SYSTEMPATH/Database/BaseBuilder.php(1616): CodeIgniter\Database\BaseConnection->query('SELECT `testimonial`, `rating`
FROM `dt_testimonial_list`
WHERE `status` = :status:
ORDER BY `null`
 LIMIT 5', [...], false)
 4 APPPATH/Models/Common_model.php(65): CodeIgniter\Database\BaseBuilder->get()
 5 APPPATH/Controllers/Common.php(208): App\Models\Common_model->getAllData('testimonial_list', 'testimonial, rating', [...], 5, null, 'RAND()', 'null')
 6 APPPATH/Controllers/Common.php(27): App\Controllers\Common->LoadTutorDetails([...])
 7 SYSTEMPATH/CodeIgniter.php(941): App\Controllers\Common->index()
 8 SYSTEMPATH/CodeIgniter.php(502): CodeIgniter\CodeIgniter->runController(Object(App\Controllers\Common))
 9 SYSTEMPATH/CodeIgniter.php(361): CodeIgniter\CodeIgniter->handleRequest(null, Object(Config\Cache), false)
10 FCPATH/index.php(79): CodeIgniter\CodeIgniter->run()
CRITICAL - 2024-03-13 17:39:19 --> [Caused by] mysqli_sql_exception: Unknown column 'null' in 'order clause'
in SYSTEMPATH/Database/MySQLi/Connection.php on line 306.
 1 SYSTEMPATH/Database/MySQLi/Connection.php(306): mysqli->query('SELECT `testimonial`, `rating`
FROM `dt_testimonial_list`
WHERE `status` = \'Active\'
ORDER BY `null`
 LIMIT 5', 0)
 2 SYSTEMPATH/Database/BaseConnection.php(693): CodeIgniter\Database\MySQLi\Connection->execute('SELECT `testimonial`, `rating`
FROM `dt_testimonial_list`
WHERE `status` = \'Active\'
ORDER BY `null`
 LIMIT 5')
 3 SYSTEMPATH/Database/BaseConnection.php(607): CodeIgniter\Database\BaseConnection->simpleQuery('SELECT `testimonial`, `rating`
FROM `dt_testimonial_list`
WHERE `status` = \'Active\'
ORDER BY `null`
 LIMIT 5')
 4 SYSTEMPATH/Database/BaseBuilder.php(1616): CodeIgniter\Database\BaseConnection->query('SELECT `testimonial`, `rating`
FROM `dt_testimonial_list`
WHERE `status` = :status:
ORDER BY `null`
 LIMIT 5', [...], false)
 5 APPPATH/Models/Common_model.php(65): CodeIgniter\Database\BaseBuilder->get()
 6 APPPATH/Controllers/Common.php(208): App\Models\Common_model->getAllData('testimonial_list', 'testimonial, rating', [...], 5, null, 'RAND()', 'null')
 7 APPPATH/Controllers/Common.php(27): App\Controllers\Common->LoadTutorDetails([...])
 8 SYSTEMPATH/CodeIgniter.php(941): App\Controllers\Common->index()
 9 SYSTEMPATH/CodeIgniter.php(502): CodeIgniter\CodeIgniter->runController(Object(App\Controllers\Common))
10 SYSTEMPATH/CodeIgniter.php(361): CodeIgniter\CodeIgniter->handleRequest(null, Object(Config\Cache), false)
11 FCPATH/index.php(79): CodeIgniter\CodeIgniter->run()
INFO - 2024-03-13 17:39:25 --> Session: Class initialized using 'CodeIgniter\Session\Handlers\FileHandler' driver.
ERROR - 2024-03-13 17:39:25 --> mysqli_sql_exception: Unknown column 'null' in 'order clause' in /home/nshops1/public_html/shishyaguru.nshops.in/system/Database/MySQLi/Connection.php:306
Stack trace:
#0 /home/nshops1/public_html/shishyaguru.nshops.in/system/Database/MySQLi/Connection.php(306): mysqli->query('SELECT `testimo...', 0)
#1 /home/nshops1/public_html/shishyaguru.nshops.in/system/Database/BaseConnection.php(693): CodeIgniter\Database\MySQLi\Connection->execute('SELECT `testimo...')
#2 /home/nshops1/public_html/shishyaguru.nshops.in/system/Database/BaseConnection.php(607): CodeIgniter\Database\BaseConnection->simpleQuery('SELECT `testimo...')
#3 /home/nshops1/public_html/shishyaguru.nshops.in/system/Database/BaseBuilder.php(1616): CodeIgniter\Database\BaseConnection->query('SELECT `testimo...', Array, false)
#4 /home/nshops1/public_html/shishyaguru.nshops.in/app/Models/Common_model.php(65): CodeIgniter\Database\BaseBuilder->get()
#5 /home/nshops1/public_html/shishyaguru.nshops.in/app/Controllers/Common.php(208): App\Models\Common_model->getAllData('testimonial_lis...', 'testimonial, ra...', Array, 5, NULL, 'RAND()', 'null')
#6 /home/nshops1/public_html/shishyaguru.nshops.in/app/Controllers/Common.php(27): App\Controllers\Common->LoadTutorDetails(Array)
#7 /home/nshops1/public_html/shishyaguru.nshops.in/system/CodeIgniter.php(941): App\Controllers\Common->index()
#8 /home/nshops1/public_html/shishyaguru.nshops.in/system/CodeIgniter.php(502): CodeIgniter\CodeIgniter->runController(Object(App\Controllers\Common))
#9 /home/nshops1/public_html/shishyaguru.nshops.in/system/CodeIgniter.php(361): CodeIgniter\CodeIgniter->handleRequest(NULL, Object(Config\Cache), false)
#10 /home/nshops1/public_html/shishyaguru.nshops.in/index.php(79): CodeIgniter\CodeIgniter->run()
#11 {main}
CRITICAL - 2024-03-13 17:39:25 --> CodeIgniter\Database\Exceptions\DatabaseException: Unknown column 'null' in 'order clause'
in SYSTEMPATH/Database/BaseConnection.php on line 647.
 1 SYSTEMPATH/Database/BaseBuilder.php(1616): CodeIgniter\Database\BaseConnection->query('SELECT `testimonial`, `rating`
FROM `dt_testimonial_list`
WHERE `status` = :status:
ORDER BY `null`
 LIMIT 5', [...], false)
 2 APPPATH/Models/Common_model.php(65): CodeIgniter\Database\BaseBuilder->get()
 3 APPPATH/Controllers/Common.php(208): App\Models\Common_model->getAllData('testimonial_list', 'testimonial, rating', [...], 5, null, 'RAND()', 'null')
 4 APPPATH/Controllers/Common.php(27): App\Controllers\Common->LoadTutorDetails([...])
 5 SYSTEMPATH/CodeIgniter.php(941): App\Controllers\Common->index()
 6 SYSTEMPATH/CodeIgniter.php(502): CodeIgniter\CodeIgniter->runController(Object(App\Controllers\Common))
 7 SYSTEMPATH/CodeIgniter.php(361): CodeIgniter\CodeIgniter->handleRequest(null, Object(Config\Cache), false)
 8 FCPATH/index.php(79): CodeIgniter\CodeIgniter->run()
CRITICAL - 2024-03-13 17:39:25 --> [Caused by] CodeIgniter\Database\Exceptions\DatabaseException: Unknown column 'null' in 'order clause'
in SYSTEMPATH/Database/MySQLi/Connection.php on line 311.
 1 SYSTEMPATH/Database/BaseConnection.php(693): CodeIgniter\Database\MySQLi\Connection->execute('SELECT `testimonial`, `rating`
FROM `dt_testimonial_list`
WHERE `status` = \'Active\'
ORDER BY `null`
 LIMIT 5')
 2 SYSTEMPATH/Database/BaseConnection.php(607): CodeIgniter\Database\BaseConnection->simpleQuery('SELECT `testimonial`, `rating`
FROM `dt_testimonial_list`
WHERE `status` = \'Active\'
ORDER BY `null`
 LIMIT 5')
 3 SYSTEMPATH/Database/BaseBuilder.php(1616): CodeIgniter\Database\BaseConnection->query('SELECT `testimonial`, `rating`
FROM `dt_testimonial_list`
WHERE `status` = :status:
ORDER BY `null`
 LIMIT 5', [...], false)
 4 APPPATH/Models/Common_model.php(65): CodeIgniter\Database\BaseBuilder->get()
 5 APPPATH/Controllers/Common.php(208): App\Models\Common_model->getAllData('testimonial_list', 'testimonial, rating', [...], 5, null, 'RAND()', 'null')
 6 APPPATH/Controllers/Common.php(27): App\Controllers\Common->LoadTutorDetails([...])
 7 SYSTEMPATH/CodeIgniter.php(941): App\Controllers\Common->index()
 8 SYSTEMPATH/CodeIgniter.php(502): CodeIgniter\CodeIgniter->runController(Object(App\Controllers\Common))
 9 SYSTEMPATH/CodeIgniter.php(361): CodeIgniter\CodeIgniter->handleRequest(null, Object(Config\Cache), false)
10 FCPATH/index.php(79): CodeIgniter\CodeIgniter->run()
CRITICAL - 2024-03-13 17:39:25 --> [Caused by] mysqli_sql_exception: Unknown column 'null' in 'order clause'
in SYSTEMPATH/Database/MySQLi/Connection.php on line 306.
 1 SYSTEMPATH/Database/MySQLi/Connection.php(306): mysqli->query('SELECT `testimonial`, `rating`
FROM `dt_testimonial_list`
WHERE `status` = \'Active\'
ORDER BY `null`
 LIMIT 5', 0)
 2 SYSTEMPATH/Database/BaseConnection.php(693): CodeIgniter\Database\MySQLi\Connection->execute('SELECT `testimonial`, `rating`
FROM `dt_testimonial_list`
WHERE `status` = \'Active\'
ORDER BY `null`
 LIMIT 5')
 3 SYSTEMPATH/Database/BaseConnection.php(607): CodeIgniter\Database\BaseConnection->simpleQuery('SELECT `testimonial`, `rating`
FROM `dt_testimonial_list`
WHERE `status` = \'Active\'
ORDER BY `null`
 LIMIT 5')
 4 SYSTEMPATH/Database/BaseBuilder.php(1616): CodeIgniter\Database\BaseConnection->query('SELECT `testimonial`, `rating`
FROM `dt_testimonial_list`
WHERE `status` = :status:
ORDER BY `null`
 LIMIT 5', [...], false)
 5 APPPATH/Models/Common_model.php(65): CodeIgniter\Database\BaseBuilder->get()
 6 APPPATH/Controllers/Common.php(208): App\Models\Common_model->getAllData('testimonial_list', 'testimonial, rating', [...], 5, null, 'RAND()', 'null')
 7 APPPATH/Controllers/Common.php(27): App\Controllers\Common->LoadTutorDetails([...])
 8 SYSTEMPATH/CodeIgniter.php(941): App\Controllers\Common->index()
 9 SYSTEMPATH/CodeIgniter.php(502): CodeIgniter\CodeIgniter->runController(Object(App\Controllers\Common))
10 SYSTEMPATH/CodeIgniter.php(361): CodeIgniter\CodeIgniter->handleRequest(null, Object(Config\Cache), false)
11 FCPATH/index.php(79): CodeIgniter\CodeIgniter->run()
INFO - 2024-03-13 17:39:26 --> Session: Class initialized using 'CodeIgniter\Session\Handlers\FileHandler' driver.
INFO - 2024-03-13 17:39:43 --> Session: Class initialized using 'CodeIgniter\Session\Handlers\FileHandler' driver.
INFO - 2024-03-13 17:39:44 --> Session: Class initialized using 'CodeIgniter\Session\Handlers\FileHandler' driver.
INFO - 2024-03-13 17:41:03 --> Session: Class initialized using 'CodeIgniter\Session\Handlers\FileHandler' driver.
INFO - 2024-03-13 17:41:03 --> Session: Class initialized using 'CodeIgniter\Session\Handlers\FileHandler' driver.
CRITICAL - 2024-03-13 17:45:26 --> Error: Call to undefined function showRating()
in APPPATH/Views/frontend/detail-page.php on line 402.
 1 SYSTEMPATH/View/View.php(228): include()
 2 SYSTEMPATH/View/View.php(231): CodeIgniter\View\View->CodeIgniter\View\{closure}()
 3 SYSTEMPATH/Common.php(1178): CodeIgniter\View\View->render('frontend/detail-page', [], true)
 4 APPPATH/Helpers/My_helper.php(34): view('frontend/detail-page', [...])
 5 APPPATH/Controllers/Common.php(202): frontView('detail-page', [...])
 6 APPPATH/Controllers/Common.php(27): App\Controllers\Common->LoadTutorDetails([...])
 7 SYSTEMPATH/CodeIgniter.php(941): App\Controllers\Common->index()
 8 SYSTEMPATH/CodeIgniter.php(502): CodeIgniter\CodeIgniter->runController(Object(App\Controllers\Common))
 9 SYSTEMPATH/CodeIgniter.php(361): CodeIgniter\CodeIgniter->handleRequest(null, Object(Config\Cache), false)
10 FCPATH/index.php(79): CodeIgniter\CodeIgniter->run()
INFO - 2024-03-13 17:45:34 --> Session: Class initialized using 'CodeIgniter\Session\Handlers\FileHandler' driver.
CRITICAL - 2024-03-13 17:45:34 --> Error: Call to undefined function showRating()
in APPPATH/Views/frontend/detail-page.php on line 402.
 1 SYSTEMPATH/View/View.php(228): include()
 2 SYSTEMPATH/View/View.php(231): CodeIgniter\View\View->CodeIgniter\View\{closure}()
 3 SYSTEMPATH/Common.php(1178): CodeIgniter\View\View->render('frontend/detail-page', [], true)
 4 APPPATH/Helpers/My_helper.php(34): view('frontend/detail-page', [...])
 5 APPPATH/Controllers/Common.php(202): frontView('detail-page', [...])
 6 APPPATH/Controllers/Common.php(27): App\Controllers\Common->LoadTutorDetails([...])
 7 SYSTEMPATH/CodeIgniter.php(941): App\Controllers\Common->index()
 8 SYSTEMPATH/CodeIgniter.php(502): CodeIgniter\CodeIgniter->runController(Object(App\Controllers\Common))
 9 SYSTEMPATH/CodeIgniter.php(361): CodeIgniter\CodeIgniter->handleRequest(null, Object(Config\Cache), false)
10 FCPATH/index.php(79): CodeIgniter\CodeIgniter->run()
INFO - 2024-03-13 17:45:35 --> Session: Class initialized using 'CodeIgniter\Session\Handlers\FileHandler' driver.
INFO - 2024-03-13 17:45:42 --> Session: Class initialized using 'CodeIgniter\Session\Handlers\FileHandler' driver.
INFO - 2024-03-13 17:45:43 --> Session: Class initialized using 'CodeIgniter\Session\Handlers\FileHandler' driver.
