ERROR - 2024-04-04 11:05:43 --> mysqli_sql_exception: Table 'nshops1_shishyaguru_db.dt_recharge_request_list' doesn't exist in /home/nshops1/public_html/shishyaguru.nshops.in/system/Database/MySQLi/Connection.php:306
Stack trace:
#0 /home/nshops1/public_html/shishyaguru.nshops.in/system/Database/MySQLi/Connection.php(306): mysqli->query('SELECT COUNT(*)...', 0)
#1 /home/nshops1/public_html/shishyaguru.nshops.in/system/Database/BaseConnection.php(693): CodeIgniter\Database\MySQLi\Connection->execute('SELECT COUNT(*)...')
#2 /home/nshops1/public_html/shishyaguru.nshops.in/system/Database/BaseConnection.php(607): CodeIgniter\Database\BaseConnection->simpleQuery('SELECT COUNT(*)...')
#3 /home/nshops1/public_html/shishyaguru.nshops.in/system/Database/BaseBuilder.php(1700): CodeIgniter\Database\BaseConnection->query('SELECT COUNT(*)...', Array, false)
#4 /home/nshops1/public_html/shishyaguru.nshops.in/app/Helpers/My_helper.php(133): CodeIgniter\Database\BaseBuilder->countAllResults(true)
#5 /home/nshops1/public_html/shishyaguru.nshops.in/app/Controllers/Admin/Ajax.php(104): count_data('id', 'recharge_reques...', Array)
#6 /home/nshops1/public_html/shishyaguru.nshops.in/system/CodeIgniter.php(941): App\Controllers\Admin\Ajax->getCount()
#7 /home/nshops1/public_html/shishyaguru.nshops.in/system/CodeIgniter.php(502): CodeIgniter\CodeIgniter->runController(Object(App\Controllers\Admin\Ajax))
#8 /home/nshops1/public_html/shishyaguru.nshops.in/system/CodeIgniter.php(361): CodeIgniter\CodeIgniter->handleRequest(NULL, Object(Config\Cache), false)
#9 /home/nshops1/public_html/shishyaguru.nshops.in/index.php(79): CodeIgniter\CodeIgniter->run()
#10 {main}
CRITICAL - 2024-04-04 11:05:43 --> CodeIgniter\Database\Exceptions\DatabaseException: Table 'nshops1_shishyaguru_db.dt_recharge_request_list' doesn't exist
in SYSTEMPATH/Database/BaseConnection.php on line 647.
 1 SYSTEMPATH/Database/BaseBuilder.php(1700): CodeIgniter\Database\BaseConnection->query('SELECT COUNT(*) AS `numrows`
FROM `dt_recharge_request_list`
WHERE `status` = :status:', [...], false)
 2 APPPATH/Helpers/My_helper.php(133): CodeIgniter\Database\BaseBuilder->countAllResults(true)
 3 APPPATH/Controllers/Admin/Ajax.php(104): count_data('id', 'recharge_request_list', [...])
 4 SYSTEMPATH/CodeIgniter.php(941): App\Controllers\Admin\Ajax->getCount()
 5 SYSTEMPATH/CodeIgniter.php(502): CodeIgniter\CodeIgniter->runController(Object(App\Controllers\Admin\Ajax))
 6 SYSTEMPATH/CodeIgniter.php(361): CodeIgniter\CodeIgniter->handleRequest(null, Object(Config\Cache), false)
 7 FCPATH/index.php(79): CodeIgniter\CodeIgniter->run()
CRITICAL - 2024-04-04 11:05:43 --> [Caused by] CodeIgniter\Database\Exceptions\DatabaseException: Table 'nshops1_shishyaguru_db.dt_recharge_request_list' doesn't exist
in SYSTEMPATH/Database/MySQLi/Connection.php on line 311.
 1 SYSTEMPATH/Database/BaseConnection.php(693): CodeIgniter\Database\MySQLi\Connection->execute('SELECT COUNT(*) AS `numrows`
FROM `dt_recharge_request_list`
WHERE `status` = \'Active\'')
 2 SYSTEMPATH/Database/BaseConnection.php(607): CodeIgniter\Database\BaseConnection->simpleQuery('SELECT COUNT(*) AS `numrows`
FROM `dt_recharge_request_list`
WHERE `status` = \'Active\'')
 3 SYSTEMPATH/Database/BaseBuilder.php(1700): CodeIgniter\Database\BaseConnection->query('SELECT COUNT(*) AS `numrows`
FROM `dt_recharge_request_list`
WHERE `status` = :status:', [...], false)
 4 APPPATH/Helpers/My_helper.php(133): CodeIgniter\Database\BaseBuilder->countAllResults(true)
 5 APPPATH/Controllers/Admin/Ajax.php(104): count_data('id', 'recharge_request_list', [...])
 6 SYSTEMPATH/CodeIgniter.php(941): App\Controllers\Admin\Ajax->getCount()
 7 SYSTEMPATH/CodeIgniter.php(502): CodeIgniter\CodeIgniter->runController(Object(App\Controllers\Admin\Ajax))
 8 SYSTEMPATH/CodeIgniter.php(361): CodeIgniter\CodeIgniter->handleRequest(null, Object(Config\Cache), false)
 9 FCPATH/index.php(79): CodeIgniter\CodeIgniter->run()
CRITICAL - 2024-04-04 11:05:43 --> [Caused by] mysqli_sql_exception: Table 'nshops1_shishyaguru_db.dt_recharge_request_list' doesn't exist
in SYSTEMPATH/Database/MySQLi/Connection.php on line 306.
 1 SYSTEMPATH/Database/MySQLi/Connection.php(306): mysqli->query('SELECT COUNT(*) AS `numrows`
FROM `dt_recharge_request_list`
WHERE `status` = \'Active\'', 0)
 2 SYSTEMPATH/Database/BaseConnection.php(693): CodeIgniter\Database\MySQLi\Connection->execute('SELECT COUNT(*) AS `numrows`
FROM `dt_recharge_request_list`
WHERE `status` = \'Active\'')
 3 SYSTEMPATH/Database/BaseConnection.php(607): CodeIgniter\Database\BaseConnection->simpleQuery('SELECT COUNT(*) AS `numrows`
FROM `dt_recharge_request_list`
WHERE `status` = \'Active\'')
 4 SYSTEMPATH/Database/BaseBuilder.php(1700): CodeIgniter\Database\BaseConnection->query('SELECT COUNT(*) AS `numrows`
FROM `dt_recharge_request_list`
WHERE `status` = :status:', [...], false)
 5 APPPATH/Helpers/My_helper.php(133): CodeIgniter\Database\BaseBuilder->countAllResults(true)
 6 APPPATH/Controllers/Admin/Ajax.php(104): count_data('id', 'recharge_request_list', [...])
 7 SYSTEMPATH/CodeIgniter.php(941): App\Controllers\Admin\Ajax->getCount()
 8 SYSTEMPATH/CodeIgniter.php(502): CodeIgniter\CodeIgniter->runController(Object(App\Controllers\Admin\Ajax))
 9 SYSTEMPATH/CodeIgniter.php(361): CodeIgniter\CodeIgniter->handleRequest(null, Object(Config\Cache), false)
10 FCPATH/index.php(79): CodeIgniter\CodeIgniter->run()
ERROR - 2024-04-04 11:06:05 --> mysqli_sql_exception: Table 'nshops1_shishyaguru_db.dt_recharge_request_list' doesn't exist in /home/nshops1/public_html/shishyaguru.nshops.in/system/Database/MySQLi/Connection.php:306
Stack trace:
#0 /home/nshops1/public_html/shishyaguru.nshops.in/system/Database/MySQLi/Connection.php(306): mysqli->query('SELECT COUNT(*)...', 0)
#1 /home/nshops1/public_html/shishyaguru.nshops.in/system/Database/BaseConnection.php(693): CodeIgniter\Database\MySQLi\Connection->execute('SELECT COUNT(*)...')
#2 /home/nshops1/public_html/shishyaguru.nshops.in/system/Database/BaseConnection.php(607): CodeIgniter\Database\BaseConnection->simpleQuery('SELECT COUNT(*)...')
#3 /home/nshops1/public_html/shishyaguru.nshops.in/system/Database/BaseBuilder.php(1700): CodeIgniter\Database\BaseConnection->query('SELECT COUNT(*)...', Array, false)
#4 /home/nshops1/public_html/shishyaguru.nshops.in/app/Helpers/My_helper.php(133): CodeIgniter\Database\BaseBuilder->countAllResults(true)
#5 /home/nshops1/public_html/shishyaguru.nshops.in/app/Controllers/Admin/Ajax.php(104): count_data('id', 'recharge_reques...', Array)
#6 /home/nshops1/public_html/shishyaguru.nshops.in/system/CodeIgniter.php(941): App\Controllers\Admin\Ajax->getCount()
#7 /home/nshops1/public_html/shishyaguru.nshops.in/system/CodeIgniter.php(502): CodeIgniter\CodeIgniter->runController(Object(App\Controllers\Admin\Ajax))
#8 /home/nshops1/public_html/shishyaguru.nshops.in/system/CodeIgniter.php(361): CodeIgniter\CodeIgniter->handleRequest(NULL, Object(Config\Cache), false)
#9 /home/nshops1/public_html/shishyaguru.nshops.in/index.php(79): CodeIgniter\CodeIgniter->run()
#10 {main}
CRITICAL - 2024-04-04 11:06:05 --> CodeIgniter\Database\Exceptions\DatabaseException: Table 'nshops1_shishyaguru_db.dt_recharge_request_list' doesn't exist
in SYSTEMPATH/Database/BaseConnection.php on line 647.
 1 SYSTEMPATH/Database/BaseBuilder.php(1700): CodeIgniter\Database\BaseConnection->query('SELECT COUNT(*) AS `numrows`
FROM `dt_recharge_request_list`
WHERE `status` = :status:', [...], false)
 2 APPPATH/Helpers/My_helper.php(133): CodeIgniter\Database\BaseBuilder->countAllResults(true)
 3 APPPATH/Controllers/Admin/Ajax.php(104): count_data('id', 'recharge_request_list', [...])
 4 SYSTEMPATH/CodeIgniter.php(941): App\Controllers\Admin\Ajax->getCount()
 5 SYSTEMPATH/CodeIgniter.php(502): CodeIgniter\CodeIgniter->runController(Object(App\Controllers\Admin\Ajax))
 6 SYSTEMPATH/CodeIgniter.php(361): CodeIgniter\CodeIgniter->handleRequest(null, Object(Config\Cache), false)
 7 FCPATH/index.php(79): CodeIgniter\CodeIgniter->run()
CRITICAL - 2024-04-04 11:06:05 --> [Caused by] CodeIgniter\Database\Exceptions\DatabaseException: Table 'nshops1_shishyaguru_db.dt_recharge_request_list' doesn't exist
in SYSTEMPATH/Database/MySQLi/Connection.php on line 311.
 1 SYSTEMPATH/Database/BaseConnection.php(693): CodeIgniter\Database\MySQLi\Connection->execute('SELECT COUNT(*) AS `numrows`
FROM `dt_recharge_request_list`
WHERE `status` = \'Active\'')
 2 SYSTEMPATH/Database/BaseConnection.php(607): CodeIgniter\Database\BaseConnection->simpleQuery('SELECT COUNT(*) AS `numrows`
FROM `dt_recharge_request_list`
WHERE `status` = \'Active\'')
 3 SYSTEMPATH/Database/BaseBuilder.php(1700): CodeIgniter\Database\BaseConnection->query('SELECT COUNT(*) AS `numrows`
FROM `dt_recharge_request_list`
WHERE `status` = :status:', [...], false)
 4 APPPATH/Helpers/My_helper.php(133): CodeIgniter\Database\BaseBuilder->countAllResults(true)
 5 APPPATH/Controllers/Admin/Ajax.php(104): count_data('id', 'recharge_request_list', [...])
 6 SYSTEMPATH/CodeIgniter.php(941): App\Controllers\Admin\Ajax->getCount()
 7 SYSTEMPATH/CodeIgniter.php(502): CodeIgniter\CodeIgniter->runController(Object(App\Controllers\Admin\Ajax))
 8 SYSTEMPATH/CodeIgniter.php(361): CodeIgniter\CodeIgniter->handleRequest(null, Object(Config\Cache), false)
 9 FCPATH/index.php(79): CodeIgniter\CodeIgniter->run()
CRITICAL - 2024-04-04 11:06:05 --> [Caused by] mysqli_sql_exception: Table 'nshops1_shishyaguru_db.dt_recharge_request_list' doesn't exist
in SYSTEMPATH/Database/MySQLi/Connection.php on line 306.
 1 SYSTEMPATH/Database/MySQLi/Connection.php(306): mysqli->query('SELECT COUNT(*) AS `numrows`
FROM `dt_recharge_request_list`
WHERE `status` = \'Active\'', 0)
 2 SYSTEMPATH/Database/BaseConnection.php(693): CodeIgniter\Database\MySQLi\Connection->execute('SELECT COUNT(*) AS `numrows`
FROM `dt_recharge_request_list`
WHERE `status` = \'Active\'')
 3 SYSTEMPATH/Database/BaseConnection.php(607): CodeIgniter\Database\BaseConnection->simpleQuery('SELECT COUNT(*) AS `numrows`
FROM `dt_recharge_request_list`
WHERE `status` = \'Active\'')
 4 SYSTEMPATH/Database/BaseBuilder.php(1700): CodeIgniter\Database\BaseConnection->query('SELECT COUNT(*) AS `numrows`
FROM `dt_recharge_request_list`
WHERE `status` = :status:', [...], false)
 5 APPPATH/Helpers/My_helper.php(133): CodeIgniter\Database\BaseBuilder->countAllResults(true)
 6 APPPATH/Controllers/Admin/Ajax.php(104): count_data('id', 'recharge_request_list', [...])
 7 SYSTEMPATH/CodeIgniter.php(941): App\Controllers\Admin\Ajax->getCount()
 8 SYSTEMPATH/CodeIgniter.php(502): CodeIgniter\CodeIgniter->runController(Object(App\Controllers\Admin\Ajax))
 9 SYSTEMPATH/CodeIgniter.php(361): CodeIgniter\CodeIgniter->handleRequest(null, Object(Config\Cache), false)
10 FCPATH/index.php(79): CodeIgniter\CodeIgniter->run()
ERROR - 2024-04-04 11:06:19 --> mysqli_sql_exception: Table 'nshops1_shishyaguru_db.dt_recharge_request_list' doesn't exist in /home/nshops1/public_html/shishyaguru.nshops.in/system/Database/MySQLi/Connection.php:306
Stack trace:
#0 /home/nshops1/public_html/shishyaguru.nshops.in/system/Database/MySQLi/Connection.php(306): mysqli->query('SELECT COUNT(*)...', 0)
#1 /home/nshops1/public_html/shishyaguru.nshops.in/system/Database/BaseConnection.php(693): CodeIgniter\Database\MySQLi\Connection->execute('SELECT COUNT(*)...')
#2 /home/nshops1/public_html/shishyaguru.nshops.in/system/Database/BaseConnection.php(607): CodeIgniter\Database\BaseConnection->simpleQuery('SELECT COUNT(*)...')
#3 /home/nshops1/public_html/shishyaguru.nshops.in/system/Database/BaseBuilder.php(1700): CodeIgniter\Database\BaseConnection->query('SELECT COUNT(*)...', Array, false)
#4 /home/nshops1/public_html/shishyaguru.nshops.in/app/Helpers/My_helper.php(133): CodeIgniter\Database\BaseBuilder->countAllResults(true)
#5 /home/nshops1/public_html/shishyaguru.nshops.in/app/Controllers/Admin/Ajax.php(104): count_data('id', 'recharge_reques...', Array)
#6 /home/nshops1/public_html/shishyaguru.nshops.in/system/CodeIgniter.php(941): App\Controllers\Admin\Ajax->getCount()
#7 /home/nshops1/public_html/shishyaguru.nshops.in/system/CodeIgniter.php(502): CodeIgniter\CodeIgniter->runController(Object(App\Controllers\Admin\Ajax))
#8 /home/nshops1/public_html/shishyaguru.nshops.in/system/CodeIgniter.php(361): CodeIgniter\CodeIgniter->handleRequest(NULL, Object(Config\Cache), false)
#9 /home/nshops1/public_html/shishyaguru.nshops.in/index.php(79): CodeIgniter\CodeIgniter->run()
#10 {main}
CRITICAL - 2024-04-04 11:06:19 --> CodeIgniter\Database\Exceptions\DatabaseException: Table 'nshops1_shishyaguru_db.dt_recharge_request_list' doesn't exist
in SYSTEMPATH/Database/BaseConnection.php on line 647.
 1 SYSTEMPATH/Database/BaseBuilder.php(1700): CodeIgniter\Database\BaseConnection->query('SELECT COUNT(*) AS `numrows`
FROM `dt_recharge_request_list`
WHERE `status` = :status:', [...], false)
 2 APPPATH/Helpers/My_helper.php(133): CodeIgniter\Database\BaseBuilder->countAllResults(true)
 3 APPPATH/Controllers/Admin/Ajax.php(104): count_data('id', 'recharge_request_list', [...])
 4 SYSTEMPATH/CodeIgniter.php(941): App\Controllers\Admin\Ajax->getCount()
 5 SYSTEMPATH/CodeIgniter.php(502): CodeIgniter\CodeIgniter->runController(Object(App\Controllers\Admin\Ajax))
 6 SYSTEMPATH/CodeIgniter.php(361): CodeIgniter\CodeIgniter->handleRequest(null, Object(Config\Cache), false)
 7 FCPATH/index.php(79): CodeIgniter\CodeIgniter->run()
CRITICAL - 2024-04-04 11:06:19 --> [Caused by] CodeIgniter\Database\Exceptions\DatabaseException: Table 'nshops1_shishyaguru_db.dt_recharge_request_list' doesn't exist
in SYSTEMPATH/Database/MySQLi/Connection.php on line 311.
 1 SYSTEMPATH/Database/BaseConnection.php(693): CodeIgniter\Database\MySQLi\Connection->execute('SELECT COUNT(*) AS `numrows`
FROM `dt_recharge_request_list`
WHERE `status` = \'Active\'')
 2 SYSTEMPATH/Database/BaseConnection.php(607): CodeIgniter\Database\BaseConnection->simpleQuery('SELECT COUNT(*) AS `numrows`
FROM `dt_recharge_request_list`
WHERE `status` = \'Active\'')
 3 SYSTEMPATH/Database/BaseBuilder.php(1700): CodeIgniter\Database\BaseConnection->query('SELECT COUNT(*) AS `numrows`
FROM `dt_recharge_request_list`
WHERE `status` = :status:', [...], false)
 4 APPPATH/Helpers/My_helper.php(133): CodeIgniter\Database\BaseBuilder->countAllResults(true)
 5 APPPATH/Controllers/Admin/Ajax.php(104): count_data('id', 'recharge_request_list', [...])
 6 SYSTEMPATH/CodeIgniter.php(941): App\Controllers\Admin\Ajax->getCount()
 7 SYSTEMPATH/CodeIgniter.php(502): CodeIgniter\CodeIgniter->runController(Object(App\Controllers\Admin\Ajax))
 8 SYSTEMPATH/CodeIgniter.php(361): CodeIgniter\CodeIgniter->handleRequest(null, Object(Config\Cache), false)
 9 FCPATH/index.php(79): CodeIgniter\CodeIgniter->run()
CRITICAL - 2024-04-04 11:06:19 --> [Caused by] mysqli_sql_exception: Table 'nshops1_shishyaguru_db.dt_recharge_request_list' doesn't exist
in SYSTEMPATH/Database/MySQLi/Connection.php on line 306.
 1 SYSTEMPATH/Database/MySQLi/Connection.php(306): mysqli->query('SELECT COUNT(*) AS `numrows`
FROM `dt_recharge_request_list`
WHERE `status` = \'Active\'', 0)
 2 SYSTEMPATH/Database/BaseConnection.php(693): CodeIgniter\Database\MySQLi\Connection->execute('SELECT COUNT(*) AS `numrows`
FROM `dt_recharge_request_list`
WHERE `status` = \'Active\'')
 3 SYSTEMPATH/Database/BaseConnection.php(607): CodeIgniter\Database\BaseConnection->simpleQuery('SELECT COUNT(*) AS `numrows`
FROM `dt_recharge_request_list`
WHERE `status` = \'Active\'')
 4 SYSTEMPATH/Database/BaseBuilder.php(1700): CodeIgniter\Database\BaseConnection->query('SELECT COUNT(*) AS `numrows`
FROM `dt_recharge_request_list`
WHERE `status` = :status:', [...], false)
 5 APPPATH/Helpers/My_helper.php(133): CodeIgniter\Database\BaseBuilder->countAllResults(true)
 6 APPPATH/Controllers/Admin/Ajax.php(104): count_data('id', 'recharge_request_list', [...])
 7 SYSTEMPATH/CodeIgniter.php(941): App\Controllers\Admin\Ajax->getCount()
 8 SYSTEMPATH/CodeIgniter.php(502): CodeIgniter\CodeIgniter->runController(Object(App\Controllers\Admin\Ajax))
 9 SYSTEMPATH/CodeIgniter.php(361): CodeIgniter\CodeIgniter->handleRequest(null, Object(Config\Cache), false)
10 FCPATH/index.php(79): CodeIgniter\CodeIgniter->run()
ERROR - 2024-04-04 11:06:44 --> mysqli_sql_exception: Table 'nshops1_shishyaguru_db.dt_recharge_request_list' doesn't exist in /home/nshops1/public_html/shishyaguru.nshops.in/system/Database/MySQLi/Connection.php:306
Stack trace:
#0 /home/nshops1/public_html/shishyaguru.nshops.in/system/Database/MySQLi/Connection.php(306): mysqli->query('SELECT COUNT(*)...', 0)
#1 /home/nshops1/public_html/shishyaguru.nshops.in/system/Database/BaseConnection.php(693): CodeIgniter\Database\MySQLi\Connection->execute('SELECT COUNT(*)...')
#2 /home/nshops1/public_html/shishyaguru.nshops.in/system/Database/BaseConnection.php(607): CodeIgniter\Database\BaseConnection->simpleQuery('SELECT COUNT(*)...')
#3 /home/nshops1/public_html/shishyaguru.nshops.in/system/Database/BaseBuilder.php(1700): CodeIgniter\Database\BaseConnection->query('SELECT COUNT(*)...', Array, false)
#4 /home/nshops1/public_html/shishyaguru.nshops.in/app/Helpers/My_helper.php(133): CodeIgniter\Database\BaseBuilder->countAllResults(true)
#5 /home/nshops1/public_html/shishyaguru.nshops.in/app/Controllers/Admin/Ajax.php(104): count_data('id', 'recharge_reques...', Array)
#6 /home/nshops1/public_html/shishyaguru.nshops.in/system/CodeIgniter.php(941): App\Controllers\Admin\Ajax->getCount()
#7 /home/nshops1/public_html/shishyaguru.nshops.in/system/CodeIgniter.php(502): CodeIgniter\CodeIgniter->runController(Object(App\Controllers\Admin\Ajax))
#8 /home/nshops1/public_html/shishyaguru.nshops.in/system/CodeIgniter.php(361): CodeIgniter\CodeIgniter->handleRequest(NULL, Object(Config\Cache), false)
#9 /home/nshops1/public_html/shishyaguru.nshops.in/index.php(79): CodeIgniter\CodeIgniter->run()
#10 {main}
CRITICAL - 2024-04-04 11:06:44 --> CodeIgniter\Database\Exceptions\DatabaseException: Table 'nshops1_shishyaguru_db.dt_recharge_request_list' doesn't exist
in SYSTEMPATH/Database/BaseConnection.php on line 647.
 1 SYSTEMPATH/Database/BaseBuilder.php(1700): CodeIgniter\Database\BaseConnection->query('SELECT COUNT(*) AS `numrows`
FROM `dt_recharge_request_list`
WHERE `status` = :status:', [...], false)
 2 APPPATH/Helpers/My_helper.php(133): CodeIgniter\Database\BaseBuilder->countAllResults(true)
 3 APPPATH/Controllers/Admin/Ajax.php(104): count_data('id', 'recharge_request_list', [...])
 4 SYSTEMPATH/CodeIgniter.php(941): App\Controllers\Admin\Ajax->getCount()
 5 SYSTEMPATH/CodeIgniter.php(502): CodeIgniter\CodeIgniter->runController(Object(App\Controllers\Admin\Ajax))
 6 SYSTEMPATH/CodeIgniter.php(361): CodeIgniter\CodeIgniter->handleRequest(null, Object(Config\Cache), false)
 7 FCPATH/index.php(79): CodeIgniter\CodeIgniter->run()
CRITICAL - 2024-04-04 11:06:44 --> [Caused by] CodeIgniter\Database\Exceptions\DatabaseException: Table 'nshops1_shishyaguru_db.dt_recharge_request_list' doesn't exist
in SYSTEMPATH/Database/MySQLi/Connection.php on line 311.
 1 SYSTEMPATH/Database/BaseConnection.php(693): CodeIgniter\Database\MySQLi\Connection->execute('SELECT COUNT(*) AS `numrows`
FROM `dt_recharge_request_list`
WHERE `status` = \'Active\'')
 2 SYSTEMPATH/Database/BaseConnection.php(607): CodeIgniter\Database\BaseConnection->simpleQuery('SELECT COUNT(*) AS `numrows`
FROM `dt_recharge_request_list`
WHERE `status` = \'Active\'')
 3 SYSTEMPATH/Database/BaseBuilder.php(1700): CodeIgniter\Database\BaseConnection->query('SELECT COUNT(*) AS `numrows`
FROM `dt_recharge_request_list`
WHERE `status` = :status:', [...], false)
 4 APPPATH/Helpers/My_helper.php(133): CodeIgniter\Database\BaseBuilder->countAllResults(true)
 5 APPPATH/Controllers/Admin/Ajax.php(104): count_data('id', 'recharge_request_list', [...])
 6 SYSTEMPATH/CodeIgniter.php(941): App\Controllers\Admin\Ajax->getCount()
 7 SYSTEMPATH/CodeIgniter.php(502): CodeIgniter\CodeIgniter->runController(Object(App\Controllers\Admin\Ajax))
 8 SYSTEMPATH/CodeIgniter.php(361): CodeIgniter\CodeIgniter->handleRequest(null, Object(Config\Cache), false)
 9 FCPATH/index.php(79): CodeIgniter\CodeIgniter->run()
CRITICAL - 2024-04-04 11:06:44 --> [Caused by] mysqli_sql_exception: Table 'nshops1_shishyaguru_db.dt_recharge_request_list' doesn't exist
in SYSTEMPATH/Database/MySQLi/Connection.php on line 306.
 1 SYSTEMPATH/Database/MySQLi/Connection.php(306): mysqli->query('SELECT COUNT(*) AS `numrows`
FROM `dt_recharge_request_list`
WHERE `status` = \'Active\'', 0)
 2 SYSTEMPATH/Database/BaseConnection.php(693): CodeIgniter\Database\MySQLi\Connection->execute('SELECT COUNT(*) AS `numrows`
FROM `dt_recharge_request_list`
WHERE `status` = \'Active\'')
 3 SYSTEMPATH/Database/BaseConnection.php(607): CodeIgniter\Database\BaseConnection->simpleQuery('SELECT COUNT(*) AS `numrows`
FROM `dt_recharge_request_list`
WHERE `status` = \'Active\'')
 4 SYSTEMPATH/Database/BaseBuilder.php(1700): CodeIgniter\Database\BaseConnection->query('SELECT COUNT(*) AS `numrows`
FROM `dt_recharge_request_list`
WHERE `status` = :status:', [...], false)
 5 APPPATH/Helpers/My_helper.php(133): CodeIgniter\Database\BaseBuilder->countAllResults(true)
 6 APPPATH/Controllers/Admin/Ajax.php(104): count_data('id', 'recharge_request_list', [...])
 7 SYSTEMPATH/CodeIgniter.php(941): App\Controllers\Admin\Ajax->getCount()
 8 SYSTEMPATH/CodeIgniter.php(502): CodeIgniter\CodeIgniter->runController(Object(App\Controllers\Admin\Ajax))
 9 SYSTEMPATH/CodeIgniter.php(361): CodeIgniter\CodeIgniter->handleRequest(null, Object(Config\Cache), false)
10 FCPATH/index.php(79): CodeIgniter\CodeIgniter->run()
ERROR - 2024-04-04 11:39:48 --> mysqli_sql_exception: You have an error in your SQL syntax; check the manual that corresponds to your MySQL server version for the right syntax to use near ':0:' at line 3 in /home/nshops1/public_html/shishyaguru.nshops.in/system/Database/MySQLi/Connection.php:306
Stack trace:
#0 /home/nshops1/public_html/shishyaguru.nshops.in/system/Database/MySQLi/Connection.php(306): mysqli->query('SELECT `id`\nFRO...', 0)
#1 /home/nshops1/public_html/shishyaguru.nshops.in/system/Database/BaseConnection.php(693): CodeIgniter\Database\MySQLi\Connection->execute('SELECT `id`\nFRO...')
#2 /home/nshops1/public_html/shishyaguru.nshops.in/system/Database/BaseConnection.php(607): CodeIgniter\Database\BaseConnection->simpleQuery('SELECT `id`\nFRO...')
#3 /home/nshops1/public_html/shishyaguru.nshops.in/system/Database/BaseBuilder.php(1616): CodeIgniter\Database\BaseConnection->query('SELECT `id`\nFRO...', Array, false)
#4 /home/nshops1/public_html/shishyaguru.nshops.in/app/Models/Common_model.php(79): CodeIgniter\Database\BaseBuilder->get()
#5 /home/nshops1/public_html/shishyaguru.nshops.in/app/Controllers/Admin/Leads_list.php(52): App\Models\Common_model->countRecords('dt_leads_list', Array, 'id')
#6 /home/nshops1/public_html/shishyaguru.nshops.in/system/CodeIgniter.php(941): App\Controllers\Admin\Leads_list->getRecords()
#7 /home/nshops1/public_html/shishyaguru.nshops.in/system/CodeIgniter.php(502): CodeIgniter\CodeIgniter->runController(Object(App\Controllers\Admin\Leads_list))
#8 /home/nshops1/public_html/shishyaguru.nshops.in/system/CodeIgniter.php(361): CodeIgniter\CodeIgniter->handleRequest(NULL, Object(Config\Cache), false)
#9 /home/nshops1/public_html/shishyaguru.nshops.in/index.php(79): CodeIgniter\CodeIgniter->run()
#10 {main}
CRITICAL - 2024-04-04 11:39:48 --> CodeIgniter\Database\Exceptions\DatabaseException: You have an error in your SQL syntax; check the manual that corresponds to your MySQL server version for the right syntax to use near ':0:' at line 3
in SYSTEMPATH/Database/BaseConnection.php on line 647.
 1 SYSTEMPATH/Database/BaseBuilder.php(1616): CodeIgniter\Database\BaseConnection->query('SELECT `id`
FROM `dt_leads_list`
WHERE 0 = :0:', [...], false)
 2 APPPATH/Models/Common_model.php(79): CodeIgniter\Database\BaseBuilder->get()
 3 APPPATH/Controllers/Admin/Leads_list.php(52): App\Models\Common_model->countRecords('dt_leads_list', [...], 'id')
 4 SYSTEMPATH/CodeIgniter.php(941): App\Controllers\Admin\Leads_list->getRecords()
 5 SYSTEMPATH/CodeIgniter.php(502): CodeIgniter\CodeIgniter->runController(Object(App\Controllers\Admin\Leads_list))
 6 SYSTEMPATH/CodeIgniter.php(361): CodeIgniter\CodeIgniter->handleRequest(null, Object(Config\Cache), false)
 7 FCPATH/index.php(79): CodeIgniter\CodeIgniter->run()
CRITICAL - 2024-04-04 11:39:48 --> [Caused by] CodeIgniter\Database\Exceptions\DatabaseException: You have an error in your SQL syntax; check the manual that corresponds to your MySQL server version for the right syntax to use near ':0:' at line 3
in SYSTEMPATH/Database/MySQLi/Connection.php on line 311.
 1 SYSTEMPATH/Database/BaseConnection.php(693): CodeIgniter\Database\MySQLi\Connection->execute('SELECT `id`
FROM `dt_leads_list`
WHERE 0 = :0:')
 2 SYSTEMPATH/Database/BaseConnection.php(607): CodeIgniter\Database\BaseConnection->simpleQuery('SELECT `id`
FROM `dt_leads_list`
WHERE 0 = :0:')
 3 SYSTEMPATH/Database/BaseBuilder.php(1616): CodeIgniter\Database\BaseConnection->query('SELECT `id`
FROM `dt_leads_list`
WHERE 0 = :0:', [...], false)
 4 APPPATH/Models/Common_model.php(79): CodeIgniter\Database\BaseBuilder->get()
 5 APPPATH/Controllers/Admin/Leads_list.php(52): App\Models\Common_model->countRecords('dt_leads_list', [...], 'id')
 6 SYSTEMPATH/CodeIgniter.php(941): App\Controllers\Admin\Leads_list->getRecords()
 7 SYSTEMPATH/CodeIgniter.php(502): CodeIgniter\CodeIgniter->runController(Object(App\Controllers\Admin\Leads_list))
 8 SYSTEMPATH/CodeIgniter.php(361): CodeIgniter\CodeIgniter->handleRequest(null, Object(Config\Cache), false)
 9 FCPATH/index.php(79): CodeIgniter\CodeIgniter->run()
CRITICAL - 2024-04-04 11:39:48 --> [Caused by] mysqli_sql_exception: You have an error in your SQL syntax; check the manual that corresponds to your MySQL server version for the right syntax to use near ':0:' at line 3
in SYSTEMPATH/Database/MySQLi/Connection.php on line 306.
 1 SYSTEMPATH/Database/MySQLi/Connection.php(306): mysqli->query('SELECT `id`
FROM `dt_leads_list`
WHERE 0 = :0:', 0)
 2 SYSTEMPATH/Database/BaseConnection.php(693): CodeIgniter\Database\MySQLi\Connection->execute('SELECT `id`
FROM `dt_leads_list`
WHERE 0 = :0:')
 3 SYSTEMPATH/Database/BaseConnection.php(607): CodeIgniter\Database\BaseConnection->simpleQuery('SELECT `id`
FROM `dt_leads_list`
WHERE 0 = :0:')
 4 SYSTEMPATH/Database/BaseBuilder.php(1616): CodeIgniter\Database\BaseConnection->query('SELECT `id`
FROM `dt_leads_list`
WHERE 0 = :0:', [...], false)
 5 APPPATH/Models/Common_model.php(79): CodeIgniter\Database\BaseBuilder->get()
 6 APPPATH/Controllers/Admin/Leads_list.php(52): App\Models\Common_model->countRecords('dt_leads_list', [...], 'id')
 7 SYSTEMPATH/CodeIgniter.php(941): App\Controllers\Admin\Leads_list->getRecords()
 8 SYSTEMPATH/CodeIgniter.php(502): CodeIgniter\CodeIgniter->runController(Object(App\Controllers\Admin\Leads_list))
 9 SYSTEMPATH/CodeIgniter.php(361): CodeIgniter\CodeIgniter->handleRequest(null, Object(Config\Cache), false)
10 FCPATH/index.php(79): CodeIgniter\CodeIgniter->run()
ERROR - 2024-04-04 11:39:55 --> mysqli_sql_exception: You have an error in your SQL syntax; check the manual that corresponds to your MySQL server version for the right syntax to use near ':0:' at line 3 in /home/nshops1/public_html/shishyaguru.nshops.in/system/Database/MySQLi/Connection.php:306
Stack trace:
#0 /home/nshops1/public_html/shishyaguru.nshops.in/system/Database/MySQLi/Connection.php(306): mysqli->query('SELECT `id`\nFRO...', 0)
#1 /home/nshops1/public_html/shishyaguru.nshops.in/system/Database/BaseConnection.php(693): CodeIgniter\Database\MySQLi\Connection->execute('SELECT `id`\nFRO...')
#2 /home/nshops1/public_html/shishyaguru.nshops.in/system/Database/BaseConnection.php(607): CodeIgniter\Database\BaseConnection->simpleQuery('SELECT `id`\nFRO...')
#3 /home/nshops1/public_html/shishyaguru.nshops.in/system/Database/BaseBuilder.php(1616): CodeIgniter\Database\BaseConnection->query('SELECT `id`\nFRO...', Array, false)
#4 /home/nshops1/public_html/shishyaguru.nshops.in/app/Models/Common_model.php(79): CodeIgniter\Database\BaseBuilder->get()
#5 /home/nshops1/public_html/shishyaguru.nshops.in/app/Controllers/Admin/Leads_list.php(52): App\Models\Common_model->countRecords('dt_leads_list', Array, 'id')
#6 /home/nshops1/public_html/shishyaguru.nshops.in/system/CodeIgniter.php(941): App\Controllers\Admin\Leads_list->getRecords()
#7 /home/nshops1/public_html/shishyaguru.nshops.in/system/CodeIgniter.php(502): CodeIgniter\CodeIgniter->runController(Object(App\Controllers\Admin\Leads_list))
#8 /home/nshops1/public_html/shishyaguru.nshops.in/system/CodeIgniter.php(361): CodeIgniter\CodeIgniter->handleRequest(NULL, Object(Config\Cache), false)
#9 /home/nshops1/public_html/shishyaguru.nshops.in/index.php(79): CodeIgniter\CodeIgniter->run()
#10 {main}
CRITICAL - 2024-04-04 11:39:55 --> CodeIgniter\Database\Exceptions\DatabaseException: You have an error in your SQL syntax; check the manual that corresponds to your MySQL server version for the right syntax to use near ':0:' at line 3
in SYSTEMPATH/Database/BaseConnection.php on line 647.
 1 SYSTEMPATH/Database/BaseBuilder.php(1616): CodeIgniter\Database\BaseConnection->query('SELECT `id`
FROM `dt_leads_list`
WHERE 0 = :0:', [...], false)
 2 APPPATH/Models/Common_model.php(79): CodeIgniter\Database\BaseBuilder->get()
 3 APPPATH/Controllers/Admin/Leads_list.php(52): App\Models\Common_model->countRecords('dt_leads_list', [...], 'id')
 4 SYSTEMPATH/CodeIgniter.php(941): App\Controllers\Admin\Leads_list->getRecords()
 5 SYSTEMPATH/CodeIgniter.php(502): CodeIgniter\CodeIgniter->runController(Object(App\Controllers\Admin\Leads_list))
 6 SYSTEMPATH/CodeIgniter.php(361): CodeIgniter\CodeIgniter->handleRequest(null, Object(Config\Cache), false)
 7 FCPATH/index.php(79): CodeIgniter\CodeIgniter->run()
CRITICAL - 2024-04-04 11:39:55 --> [Caused by] CodeIgniter\Database\Exceptions\DatabaseException: You have an error in your SQL syntax; check the manual that corresponds to your MySQL server version for the right syntax to use near ':0:' at line 3
in SYSTEMPATH/Database/MySQLi/Connection.php on line 311.
 1 SYSTEMPATH/Database/BaseConnection.php(693): CodeIgniter\Database\MySQLi\Connection->execute('SELECT `id`
FROM `dt_leads_list`
WHERE 0 = :0:')
 2 SYSTEMPATH/Database/BaseConnection.php(607): CodeIgniter\Database\BaseConnection->simpleQuery('SELECT `id`
FROM `dt_leads_list`
WHERE 0 = :0:')
 3 SYSTEMPATH/Database/BaseBuilder.php(1616): CodeIgniter\Database\BaseConnection->query('SELECT `id`
FROM `dt_leads_list`
WHERE 0 = :0:', [...], false)
 4 APPPATH/Models/Common_model.php(79): CodeIgniter\Database\BaseBuilder->get()
 5 APPPATH/Controllers/Admin/Leads_list.php(52): App\Models\Common_model->countRecords('dt_leads_list', [...], 'id')
 6 SYSTEMPATH/CodeIgniter.php(941): App\Controllers\Admin\Leads_list->getRecords()
 7 SYSTEMPATH/CodeIgniter.php(502): CodeIgniter\CodeIgniter->runController(Object(App\Controllers\Admin\Leads_list))
 8 SYSTEMPATH/CodeIgniter.php(361): CodeIgniter\CodeIgniter->handleRequest(null, Object(Config\Cache), false)
 9 FCPATH/index.php(79): CodeIgniter\CodeIgniter->run()
CRITICAL - 2024-04-04 11:39:55 --> [Caused by] mysqli_sql_exception: You have an error in your SQL syntax; check the manual that corresponds to your MySQL server version for the right syntax to use near ':0:' at line 3
in SYSTEMPATH/Database/MySQLi/Connection.php on line 306.
 1 SYSTEMPATH/Database/MySQLi/Connection.php(306): mysqli->query('SELECT `id`
FROM `dt_leads_list`
WHERE 0 = :0:', 0)
 2 SYSTEMPATH/Database/BaseConnection.php(693): CodeIgniter\Database\MySQLi\Connection->execute('SELECT `id`
FROM `dt_leads_list`
WHERE 0 = :0:')
 3 SYSTEMPATH/Database/BaseConnection.php(607): CodeIgniter\Database\BaseConnection->simpleQuery('SELECT `id`
FROM `dt_leads_list`
WHERE 0 = :0:')
 4 SYSTEMPATH/Database/BaseBuilder.php(1616): CodeIgniter\Database\BaseConnection->query('SELECT `id`
FROM `dt_leads_list`
WHERE 0 = :0:', [...], false)
 5 APPPATH/Models/Common_model.php(79): CodeIgniter\Database\BaseBuilder->get()
 6 APPPATH/Controllers/Admin/Leads_list.php(52): App\Models\Common_model->countRecords('dt_leads_list', [...], 'id')
 7 SYSTEMPATH/CodeIgniter.php(941): App\Controllers\Admin\Leads_list->getRecords()
 8 SYSTEMPATH/CodeIgniter.php(502): CodeIgniter\CodeIgniter->runController(Object(App\Controllers\Admin\Leads_list))
 9 SYSTEMPATH/CodeIgniter.php(361): CodeIgniter\CodeIgniter->handleRequest(null, Object(Config\Cache), false)
10 FCPATH/index.php(79): CodeIgniter\CodeIgniter->run()
INFO - 2024-04-04 11:40:35 --> Session: Class initialized using 'CodeIgniter\Session\Handlers\FileHandler' driver.
INFO - 2024-04-04 11:40:37 --> Session: Class initialized using 'CodeIgniter\Session\Handlers\FileHandler' driver.
INFO - 2024-04-04 11:40:37 --> Session: Class initialized using 'CodeIgniter\Session\Handlers\FileHandler' driver.
INFO - 2024-04-04 11:40:37 --> Session: Class initialized using 'CodeIgniter\Session\Handlers\FileHandler' driver.
INFO - 2024-04-04 11:40:40 --> Session: Class initialized using 'CodeIgniter\Session\Handlers\FileHandler' driver.
ERROR - 2024-04-04 11:40:40 --> mysqli_sql_exception: You have an error in your SQL syntax; check the manual that corresponds to your MySQL server version for the right syntax to use near ':0:' at line 3 in /home/nshops1/public_html/shishyaguru.nshops.in/system/Database/MySQLi/Connection.php:306
Stack trace:
#0 /home/nshops1/public_html/shishyaguru.nshops.in/system/Database/MySQLi/Connection.php(306): mysqli->query('SELECT `id`\nFRO...', 0)
#1 /home/nshops1/public_html/shishyaguru.nshops.in/system/Database/BaseConnection.php(693): CodeIgniter\Database\MySQLi\Connection->execute('SELECT `id`\nFRO...')
#2 /home/nshops1/public_html/shishyaguru.nshops.in/system/Database/BaseConnection.php(607): CodeIgniter\Database\BaseConnection->simpleQuery('SELECT `id`\nFRO...')
#3 /home/nshops1/public_html/shishyaguru.nshops.in/system/Database/BaseBuilder.php(1616): CodeIgniter\Database\BaseConnection->query('SELECT `id`\nFRO...', Array, false)
#4 /home/nshops1/public_html/shishyaguru.nshops.in/app/Models/Common_model.php(79): CodeIgniter\Database\BaseBuilder->get()
#5 /home/nshops1/public_html/shishyaguru.nshops.in/app/Controllers/Admin/Leads_list.php(52): App\Models\Common_model->countRecords('dt_leads_list', Array, 'id')
#6 /home/nshops1/public_html/shishyaguru.nshops.in/system/CodeIgniter.php(941): App\Controllers\Admin\Leads_list->getRecords()
#7 /home/nshops1/public_html/shishyaguru.nshops.in/system/CodeIgniter.php(502): CodeIgniter\CodeIgniter->runController(Object(App\Controllers\Admin\Leads_list))
#8 /home/nshops1/public_html/shishyaguru.nshops.in/system/CodeIgniter.php(361): CodeIgniter\CodeIgniter->handleRequest(NULL, Object(Config\Cache), false)
#9 /home/nshops1/public_html/shishyaguru.nshops.in/index.php(79): CodeIgniter\CodeIgniter->run()
#10 {main}
CRITICAL - 2024-04-04 11:40:40 --> CodeIgniter\Database\Exceptions\DatabaseException: You have an error in your SQL syntax; check the manual that corresponds to your MySQL server version for the right syntax to use near ':0:' at line 3
in SYSTEMPATH/Database/BaseConnection.php on line 647.
 1 SYSTEMPATH/Database/BaseBuilder.php(1616): CodeIgniter\Database\BaseConnection->query('SELECT `id`
FROM `dt_leads_list`
WHERE 0 = :0:', [...], false)
 2 APPPATH/Models/Common_model.php(79): CodeIgniter\Database\BaseBuilder->get()
 3 APPPATH/Controllers/Admin/Leads_list.php(52): App\Models\Common_model->countRecords('dt_leads_list', [...], 'id')
 4 SYSTEMPATH/CodeIgniter.php(941): App\Controllers\Admin\Leads_list->getRecords()
 5 SYSTEMPATH/CodeIgniter.php(502): CodeIgniter\CodeIgniter->runController(Object(App\Controllers\Admin\Leads_list))
 6 SYSTEMPATH/CodeIgniter.php(361): CodeIgniter\CodeIgniter->handleRequest(null, Object(Config\Cache), false)
 7 FCPATH/index.php(79): CodeIgniter\CodeIgniter->run()
CRITICAL - 2024-04-04 11:40:40 --> [Caused by] CodeIgniter\Database\Exceptions\DatabaseException: You have an error in your SQL syntax; check the manual that corresponds to your MySQL server version for the right syntax to use near ':0:' at line 3
in SYSTEMPATH/Database/MySQLi/Connection.php on line 311.
 1 SYSTEMPATH/Database/BaseConnection.php(693): CodeIgniter\Database\MySQLi\Connection->execute('SELECT `id`
FROM `dt_leads_list`
WHERE 0 = :0:')
 2 SYSTEMPATH/Database/BaseConnection.php(607): CodeIgniter\Database\BaseConnection->simpleQuery('SELECT `id`
FROM `dt_leads_list`
WHERE 0 = :0:')
 3 SYSTEMPATH/Database/BaseBuilder.php(1616): CodeIgniter\Database\BaseConnection->query('SELECT `id`
FROM `dt_leads_list`
WHERE 0 = :0:', [...], false)
 4 APPPATH/Models/Common_model.php(79): CodeIgniter\Database\BaseBuilder->get()
 5 APPPATH/Controllers/Admin/Leads_list.php(52): App\Models\Common_model->countRecords('dt_leads_list', [...], 'id')
 6 SYSTEMPATH/CodeIgniter.php(941): App\Controllers\Admin\Leads_list->getRecords()
 7 SYSTEMPATH/CodeIgniter.php(502): CodeIgniter\CodeIgniter->runController(Object(App\Controllers\Admin\Leads_list))
 8 SYSTEMPATH/CodeIgniter.php(361): CodeIgniter\CodeIgniter->handleRequest(null, Object(Config\Cache), false)
 9 FCPATH/index.php(79): CodeIgniter\CodeIgniter->run()
CRITICAL - 2024-04-04 11:40:40 --> [Caused by] mysqli_sql_exception: You have an error in your SQL syntax; check the manual that corresponds to your MySQL server version for the right syntax to use near ':0:' at line 3
in SYSTEMPATH/Database/MySQLi/Connection.php on line 306.
 1 SYSTEMPATH/Database/MySQLi/Connection.php(306): mysqli->query('SELECT `id`
FROM `dt_leads_list`
WHERE 0 = :0:', 0)
 2 SYSTEMPATH/Database/BaseConnection.php(693): CodeIgniter\Database\MySQLi\Connection->execute('SELECT `id`
FROM `dt_leads_list`
WHERE 0 = :0:')
 3 SYSTEMPATH/Database/BaseConnection.php(607): CodeIgniter\Database\BaseConnection->simpleQuery('SELECT `id`
FROM `dt_leads_list`
WHERE 0 = :0:')
 4 SYSTEMPATH/Database/BaseBuilder.php(1616): CodeIgniter\Database\BaseConnection->query('SELECT `id`
FROM `dt_leads_list`
WHERE 0 = :0:', [...], false)
 5 APPPATH/Models/Common_model.php(79): CodeIgniter\Database\BaseBuilder->get()
 6 APPPATH/Controllers/Admin/Leads_list.php(52): App\Models\Common_model->countRecords('dt_leads_list', [...], 'id')
 7 SYSTEMPATH/CodeIgniter.php(941): App\Controllers\Admin\Leads_list->getRecords()
 8 SYSTEMPATH/CodeIgniter.php(502): CodeIgniter\CodeIgniter->runController(Object(App\Controllers\Admin\Leads_list))
 9 SYSTEMPATH/CodeIgniter.php(361): CodeIgniter\CodeIgniter->handleRequest(null, Object(Config\Cache), false)
10 FCPATH/index.php(79): CodeIgniter\CodeIgniter->run()
INFO - 2024-04-04 11:40:41 --> Session: Class initialized using 'CodeIgniter\Session\Handlers\FileHandler' driver.
INFO - 2024-04-04 11:40:42 --> Session: Class initialized using 'CodeIgniter\Session\Handlers\FileHandler' driver.
ERROR - 2024-04-04 11:40:42 --> mysqli_sql_exception: You have an error in your SQL syntax; check the manual that corresponds to your MySQL server version for the right syntax to use near ':0:' at line 3 in /home/nshops1/public_html/shishyaguru.nshops.in/system/Database/MySQLi/Connection.php:306
Stack trace:
#0 /home/nshops1/public_html/shishyaguru.nshops.in/system/Database/MySQLi/Connection.php(306): mysqli->query('SELECT `id`\nFRO...', 0)
#1 /home/nshops1/public_html/shishyaguru.nshops.in/system/Database/BaseConnection.php(693): CodeIgniter\Database\MySQLi\Connection->execute('SELECT `id`\nFRO...')
#2 /home/nshops1/public_html/shishyaguru.nshops.in/system/Database/BaseConnection.php(607): CodeIgniter\Database\BaseConnection->simpleQuery('SELECT `id`\nFRO...')
#3 /home/nshops1/public_html/shishyaguru.nshops.in/system/Database/BaseBuilder.php(1616): CodeIgniter\Database\BaseConnection->query('SELECT `id`\nFRO...', Array, false)
#4 /home/nshops1/public_html/shishyaguru.nshops.in/app/Models/Common_model.php(79): CodeIgniter\Database\BaseBuilder->get()
#5 /home/nshops1/public_html/shishyaguru.nshops.in/app/Controllers/Admin/Leads_list.php(52): App\Models\Common_model->countRecords('dt_leads_list', Array, 'id')
#6 /home/nshops1/public_html/shishyaguru.nshops.in/system/CodeIgniter.php(941): App\Controllers\Admin\Leads_list->getRecords()
#7 /home/nshops1/public_html/shishyaguru.nshops.in/system/CodeIgniter.php(502): CodeIgniter\CodeIgniter->runController(Object(App\Controllers\Admin\Leads_list))
#8 /home/nshops1/public_html/shishyaguru.nshops.in/system/CodeIgniter.php(361): CodeIgniter\CodeIgniter->handleRequest(NULL, Object(Config\Cache), false)
#9 /home/nshops1/public_html/shishyaguru.nshops.in/index.php(79): CodeIgniter\CodeIgniter->run()
#10 {main}
CRITICAL - 2024-04-04 11:40:42 --> CodeIgniter\Database\Exceptions\DatabaseException: You have an error in your SQL syntax; check the manual that corresponds to your MySQL server version for the right syntax to use near ':0:' at line 3
in SYSTEMPATH/Database/BaseConnection.php on line 647.
 1 SYSTEMPATH/Database/BaseBuilder.php(1616): CodeIgniter\Database\BaseConnection->query('SELECT `id`
FROM `dt_leads_list`
WHERE 0 = :0:', [...], false)
 2 APPPATH/Models/Common_model.php(79): CodeIgniter\Database\BaseBuilder->get()
 3 APPPATH/Controllers/Admin/Leads_list.php(52): App\Models\Common_model->countRecords('dt_leads_list', [...], 'id')
 4 SYSTEMPATH/CodeIgniter.php(941): App\Controllers\Admin\Leads_list->getRecords()
 5 SYSTEMPATH/CodeIgniter.php(502): CodeIgniter\CodeIgniter->runController(Object(App\Controllers\Admin\Leads_list))
 6 SYSTEMPATH/CodeIgniter.php(361): CodeIgniter\CodeIgniter->handleRequest(null, Object(Config\Cache), false)
 7 FCPATH/index.php(79): CodeIgniter\CodeIgniter->run()
CRITICAL - 2024-04-04 11:40:42 --> [Caused by] CodeIgniter\Database\Exceptions\DatabaseException: You have an error in your SQL syntax; check the manual that corresponds to your MySQL server version for the right syntax to use near ':0:' at line 3
in SYSTEMPATH/Database/MySQLi/Connection.php on line 311.
 1 SYSTEMPATH/Database/BaseConnection.php(693): CodeIgniter\Database\MySQLi\Connection->execute('SELECT `id`
FROM `dt_leads_list`
WHERE 0 = :0:')
 2 SYSTEMPATH/Database/BaseConnection.php(607): CodeIgniter\Database\BaseConnection->simpleQuery('SELECT `id`
FROM `dt_leads_list`
WHERE 0 = :0:')
 3 SYSTEMPATH/Database/BaseBuilder.php(1616): CodeIgniter\Database\BaseConnection->query('SELECT `id`
FROM `dt_leads_list`
WHERE 0 = :0:', [...], false)
 4 APPPATH/Models/Common_model.php(79): CodeIgniter\Database\BaseBuilder->get()
 5 APPPATH/Controllers/Admin/Leads_list.php(52): App\Models\Common_model->countRecords('dt_leads_list', [...], 'id')
 6 SYSTEMPATH/CodeIgniter.php(941): App\Controllers\Admin\Leads_list->getRecords()
 7 SYSTEMPATH/CodeIgniter.php(502): CodeIgniter\CodeIgniter->runController(Object(App\Controllers\Admin\Leads_list))
 8 SYSTEMPATH/CodeIgniter.php(361): CodeIgniter\CodeIgniter->handleRequest(null, Object(Config\Cache), false)
 9 FCPATH/index.php(79): CodeIgniter\CodeIgniter->run()
CRITICAL - 2024-04-04 11:40:42 --> [Caused by] mysqli_sql_exception: You have an error in your SQL syntax; check the manual that corresponds to your MySQL server version for the right syntax to use near ':0:' at line 3
in SYSTEMPATH/Database/MySQLi/Connection.php on line 306.
 1 SYSTEMPATH/Database/MySQLi/Connection.php(306): mysqli->query('SELECT `id`
FROM `dt_leads_list`
WHERE 0 = :0:', 0)
 2 SYSTEMPATH/Database/BaseConnection.php(693): CodeIgniter\Database\MySQLi\Connection->execute('SELECT `id`
FROM `dt_leads_list`
WHERE 0 = :0:')
 3 SYSTEMPATH/Database/BaseConnection.php(607): CodeIgniter\Database\BaseConnection->simpleQuery('SELECT `id`
FROM `dt_leads_list`
WHERE 0 = :0:')
 4 SYSTEMPATH/Database/BaseBuilder.php(1616): CodeIgniter\Database\BaseConnection->query('SELECT `id`
FROM `dt_leads_list`
WHERE 0 = :0:', [...], false)
 5 APPPATH/Models/Common_model.php(79): CodeIgniter\Database\BaseBuilder->get()
 6 APPPATH/Controllers/Admin/Leads_list.php(52): App\Models\Common_model->countRecords('dt_leads_list', [...], 'id')
 7 SYSTEMPATH/CodeIgniter.php(941): App\Controllers\Admin\Leads_list->getRecords()
 8 SYSTEMPATH/CodeIgniter.php(502): CodeIgniter\CodeIgniter->runController(Object(App\Controllers\Admin\Leads_list))
 9 SYSTEMPATH/CodeIgniter.php(361): CodeIgniter\CodeIgniter->handleRequest(null, Object(Config\Cache), false)
10 FCPATH/index.php(79): CodeIgniter\CodeIgniter->run()
INFO - 2024-04-04 11:40:53 --> Session: Class initialized using 'CodeIgniter\Session\Handlers\FileHandler' driver.
INFO - 2024-04-04 11:40:59 --> Session: Class initialized using 'CodeIgniter\Session\Handlers\FileHandler' driver.
INFO - 2024-04-04 11:40:59 --> Session: Class initialized using 'CodeIgniter\Session\Handlers\FileHandler' driver.
CRITICAL - 2024-04-04 12:23:37 --> ErrorException: Undefined array key "original_table_id"
in APPPATH/Views/frontend/seo-page-detail.php on line 34.
 1 APPPATH/Views/frontend/seo-page-detail.php(34): CodeIgniter\Debug\Exceptions->errorHandler(2, 'Undefined array key "original_table_id"', '/home/nshops1/public_html/shishyaguru.nshops.in/app/Views/frontend/seo-page-detail.php', 34)
 2 SYSTEMPATH/View/View.php(228): include('/home/nshops1/public_html/shishyaguru.nshops.in/app/Views/frontend/seo-page-detail.php')
 3 SYSTEMPATH/View/View.php(231): CodeIgniter\View\View->CodeIgniter\View\{closure}()
 4 SYSTEMPATH/Common.php(1178): CodeIgniter\View\View->render('frontend/seo-page-detail', [], true)
 5 APPPATH/Helpers/My_helper.php(46): view('frontend/seo-page-detail', [...])
 6 APPPATH/Controllers/Common.php(395): frontView('seo-page-detail', [...])
 7 APPPATH/Controllers/Common.php(31): App\Controllers\Common->LoadSeoDetails([...], 'prayagraj-class-10')
 8 SYSTEMPATH/CodeIgniter.php(941): App\Controllers\Common->index()
 9 SYSTEMPATH/CodeIgniter.php(502): CodeIgniter\CodeIgniter->runController(Object(App\Controllers\Common))
10 SYSTEMPATH/CodeIgniter.php(361): CodeIgniter\CodeIgniter->handleRequest(null, Object(Config\Cache), false)
11 FCPATH/index.php(79): CodeIgniter\CodeIgniter->run()
CRITICAL - 2024-04-04 12:23:42 --> ErrorException: Undefined array key "original_table_id"
in APPPATH/Views/frontend/seo-page-detail.php on line 34.
 1 APPPATH/Views/frontend/seo-page-detail.php(34): CodeIgniter\Debug\Exceptions->errorHandler(2, 'Undefined array key "original_table_id"', '/home/nshops1/public_html/shishyaguru.nshops.in/app/Views/frontend/seo-page-detail.php', 34)
 2 SYSTEMPATH/View/View.php(228): include('/home/nshops1/public_html/shishyaguru.nshops.in/app/Views/frontend/seo-page-detail.php')
 3 SYSTEMPATH/View/View.php(231): CodeIgniter\View\View->CodeIgniter\View\{closure}()
 4 SYSTEMPATH/Common.php(1178): CodeIgniter\View\View->render('frontend/seo-page-detail', [], true)
 5 APPPATH/Helpers/My_helper.php(46): view('frontend/seo-page-detail', [...])
 6 APPPATH/Controllers/Common.php(395): frontView('seo-page-detail', [...])
 7 APPPATH/Controllers/Common.php(31): App\Controllers\Common->LoadSeoDetails([...], 'agra-class-10')
 8 SYSTEMPATH/CodeIgniter.php(941): App\Controllers\Common->index()
 9 SYSTEMPATH/CodeIgniter.php(502): CodeIgniter\CodeIgniter->runController(Object(App\Controllers\Common))
10 SYSTEMPATH/CodeIgniter.php(361): CodeIgniter\CodeIgniter->handleRequest(null, Object(Config\Cache), false)
11 FCPATH/index.php(79): CodeIgniter\CodeIgniter->run()
CRITICAL - 2024-04-04 12:23:45 --> ErrorException: Undefined array key "original_table_id"
in APPPATH/Views/frontend/seo-page-detail.php on line 34.
 1 APPPATH/Views/frontend/seo-page-detail.php(34): CodeIgniter\Debug\Exceptions->errorHandler(2, 'Undefined array key "original_table_id"', '/home/nshops1/public_html/shishyaguru.nshops.in/app/Views/frontend/seo-page-detail.php', 34)
 2 SYSTEMPATH/View/View.php(228): include('/home/nshops1/public_html/shishyaguru.nshops.in/app/Views/frontend/seo-page-detail.php')
 3 SYSTEMPATH/View/View.php(231): CodeIgniter\View\View->CodeIgniter\View\{closure}()
 4 SYSTEMPATH/Common.php(1178): CodeIgniter\View\View->render('frontend/seo-page-detail', [], true)
 5 APPPATH/Helpers/My_helper.php(46): view('frontend/seo-page-detail', [...])
 6 APPPATH/Controllers/Common.php(395): frontView('seo-page-detail', [...])
 7 APPPATH/Controllers/Common.php(31): App\Controllers\Common->LoadSeoDetails([...], 'agra-class-10')
 8 SYSTEMPATH/CodeIgniter.php(941): App\Controllers\Common->index()
 9 SYSTEMPATH/CodeIgniter.php(502): CodeIgniter\CodeIgniter->runController(Object(App\Controllers\Common))
10 SYSTEMPATH/CodeIgniter.php(361): CodeIgniter\CodeIgniter->handleRequest(null, Object(Config\Cache), false)
11 FCPATH/index.php(79): CodeIgniter\CodeIgniter->run()
CRITICAL - 2024-04-04 12:23:47 --> ErrorException: Undefined array key "original_table_id"
in APPPATH/Views/frontend/seo-page-detail.php on line 34.
 1 APPPATH/Views/frontend/seo-page-detail.php(34): CodeIgniter\Debug\Exceptions->errorHandler(2, 'Undefined array key "original_table_id"', '/home/nshops1/public_html/shishyaguru.nshops.in/app/Views/frontend/seo-page-detail.php', 34)
 2 SYSTEMPATH/View/View.php(228): include('/home/nshops1/public_html/shishyaguru.nshops.in/app/Views/frontend/seo-page-detail.php')
 3 SYSTEMPATH/View/View.php(231): CodeIgniter\View\View->CodeIgniter\View\{closure}()
 4 SYSTEMPATH/Common.php(1178): CodeIgniter\View\View->render('frontend/seo-page-detail', [], true)
 5 APPPATH/Helpers/My_helper.php(46): view('frontend/seo-page-detail', [...])
 6 APPPATH/Controllers/Common.php(395): frontView('seo-page-detail', [...])
 7 APPPATH/Controllers/Common.php(31): App\Controllers\Common->LoadSeoDetails([...], 'agra-cisce')
 8 SYSTEMPATH/CodeIgniter.php(941): App\Controllers\Common->index()
 9 SYSTEMPATH/CodeIgniter.php(502): CodeIgniter\CodeIgniter->runController(Object(App\Controllers\Common))
10 SYSTEMPATH/CodeIgniter.php(361): CodeIgniter\CodeIgniter->handleRequest(null, Object(Config\Cache), false)
11 FCPATH/index.php(79): CodeIgniter\CodeIgniter->run()
CRITICAL - 2024-04-04 12:23:48 --> ErrorException: Undefined array key "original_table_id"
in APPPATH/Views/frontend/seo-page-detail.php on line 34.
 1 APPPATH/Views/frontend/seo-page-detail.php(34): CodeIgniter\Debug\Exceptions->errorHandler(2, 'Undefined array key "original_table_id"', '/home/nshops1/public_html/shishyaguru.nshops.in/app/Views/frontend/seo-page-detail.php', 34)
 2 SYSTEMPATH/View/View.php(228): include('/home/nshops1/public_html/shishyaguru.nshops.in/app/Views/frontend/seo-page-detail.php')
 3 SYSTEMPATH/View/View.php(231): CodeIgniter\View\View->CodeIgniter\View\{closure}()
 4 SYSTEMPATH/Common.php(1178): CodeIgniter\View\View->render('frontend/seo-page-detail', [], true)
 5 APPPATH/Helpers/My_helper.php(46): view('frontend/seo-page-detail', [...])
 6 APPPATH/Controllers/Common.php(395): frontView('seo-page-detail', [...])
 7 APPPATH/Controllers/Common.php(31): App\Controllers\Common->LoadSeoDetails([...], 'agra-cisce')
 8 SYSTEMPATH/CodeIgniter.php(941): App\Controllers\Common->index()
 9 SYSTEMPATH/CodeIgniter.php(502): CodeIgniter\CodeIgniter->runController(Object(App\Controllers\Common))
10 SYSTEMPATH/CodeIgniter.php(361): CodeIgniter\CodeIgniter->handleRequest(null, Object(Config\Cache), false)
11 FCPATH/index.php(79): CodeIgniter\CodeIgniter->run()
CRITICAL - 2024-04-04 12:23:49 --> ErrorException: Undefined array key "original_table_id"
in APPPATH/Views/frontend/seo-page-detail.php on line 34.
 1 APPPATH/Views/frontend/seo-page-detail.php(34): CodeIgniter\Debug\Exceptions->errorHandler(2, 'Undefined array key "original_table_id"', '/home/nshops1/public_html/shishyaguru.nshops.in/app/Views/frontend/seo-page-detail.php', 34)
 2 SYSTEMPATH/View/View.php(228): include('/home/nshops1/public_html/shishyaguru.nshops.in/app/Views/frontend/seo-page-detail.php')
 3 SYSTEMPATH/View/View.php(231): CodeIgniter\View\View->CodeIgniter\View\{closure}()
 4 SYSTEMPATH/Common.php(1178): CodeIgniter\View\View->render('frontend/seo-page-detail', [], true)
 5 APPPATH/Helpers/My_helper.php(46): view('frontend/seo-page-detail', [...])
 6 APPPATH/Controllers/Common.php(395): frontView('seo-page-detail', [...])
 7 APPPATH/Controllers/Common.php(31): App\Controllers\Common->LoadSeoDetails([...], 'agra-cisce')
 8 SYSTEMPATH/CodeIgniter.php(941): App\Controllers\Common->index()
 9 SYSTEMPATH/CodeIgniter.php(502): CodeIgniter\CodeIgniter->runController(Object(App\Controllers\Common))
10 SYSTEMPATH/CodeIgniter.php(361): CodeIgniter\CodeIgniter->handleRequest(null, Object(Config\Cache), false)
11 FCPATH/index.php(79): CodeIgniter\CodeIgniter->run()
CRITICAL - 2024-04-04 12:23:49 --> ErrorException: Undefined array key "original_table_id"
in APPPATH/Views/frontend/seo-page-detail.php on line 34.
 1 APPPATH/Views/frontend/seo-page-detail.php(34): CodeIgniter\Debug\Exceptions->errorHandler(2, 'Undefined array key "original_table_id"', '/home/nshops1/public_html/shishyaguru.nshops.in/app/Views/frontend/seo-page-detail.php', 34)
 2 SYSTEMPATH/View/View.php(228): include('/home/nshops1/public_html/shishyaguru.nshops.in/app/Views/frontend/seo-page-detail.php')
 3 SYSTEMPATH/View/View.php(231): CodeIgniter\View\View->CodeIgniter\View\{closure}()
 4 SYSTEMPATH/Common.php(1178): CodeIgniter\View\View->render('frontend/seo-page-detail', [], true)
 5 APPPATH/Helpers/My_helper.php(46): view('frontend/seo-page-detail', [...])
 6 APPPATH/Controllers/Common.php(395): frontView('seo-page-detail', [...])
 7 APPPATH/Controllers/Common.php(31): App\Controllers\Common->LoadSeoDetails([...], 'agra-cisce')
 8 SYSTEMPATH/CodeIgniter.php(941): App\Controllers\Common->index()
 9 SYSTEMPATH/CodeIgniter.php(502): CodeIgniter\CodeIgniter->runController(Object(App\Controllers\Common))
10 SYSTEMPATH/CodeIgniter.php(361): CodeIgniter\CodeIgniter->handleRequest(null, Object(Config\Cache), false)
11 FCPATH/index.php(79): CodeIgniter\CodeIgniter->run()
CRITICAL - 2024-04-04 12:23:50 --> ErrorException: Undefined array key "original_table_id"
in APPPATH/Views/frontend/seo-page-detail.php on line 34.
 1 APPPATH/Views/frontend/seo-page-detail.php(34): CodeIgniter\Debug\Exceptions->errorHandler(2, 'Undefined array key "original_table_id"', '/home/nshops1/public_html/shishyaguru.nshops.in/app/Views/frontend/seo-page-detail.php', 34)
 2 SYSTEMPATH/View/View.php(228): include('/home/nshops1/public_html/shishyaguru.nshops.in/app/Views/frontend/seo-page-detail.php')
 3 SYSTEMPATH/View/View.php(231): CodeIgniter\View\View->CodeIgniter\View\{closure}()
 4 SYSTEMPATH/Common.php(1178): CodeIgniter\View\View->render('frontend/seo-page-detail', [], true)
 5 APPPATH/Helpers/My_helper.php(46): view('frontend/seo-page-detail', [...])
 6 APPPATH/Controllers/Common.php(395): frontView('seo-page-detail', [...])
 7 APPPATH/Controllers/Common.php(31): App\Controllers\Common->LoadSeoDetails([...], 'agra-cisce')
 8 SYSTEMPATH/CodeIgniter.php(941): App\Controllers\Common->index()
 9 SYSTEMPATH/CodeIgniter.php(502): CodeIgniter\CodeIgniter->runController(Object(App\Controllers\Common))
10 SYSTEMPATH/CodeIgniter.php(361): CodeIgniter\CodeIgniter->handleRequest(null, Object(Config\Cache), false)
11 FCPATH/index.php(79): CodeIgniter\CodeIgniter->run()
CRITICAL - 2024-04-04 12:23:50 --> ErrorException: Undefined array key "original_table_id"
in APPPATH/Views/frontend/seo-page-detail.php on line 34.
 1 APPPATH/Views/frontend/seo-page-detail.php(34): CodeIgniter\Debug\Exceptions->errorHandler(2, 'Undefined array key "original_table_id"', '/home/nshops1/public_html/shishyaguru.nshops.in/app/Views/frontend/seo-page-detail.php', 34)
 2 SYSTEMPATH/View/View.php(228): include('/home/nshops1/public_html/shishyaguru.nshops.in/app/Views/frontend/seo-page-detail.php')
 3 SYSTEMPATH/View/View.php(231): CodeIgniter\View\View->CodeIgniter\View\{closure}()
 4 SYSTEMPATH/Common.php(1178): CodeIgniter\View\View->render('frontend/seo-page-detail', [], true)
 5 APPPATH/Helpers/My_helper.php(46): view('frontend/seo-page-detail', [...])
 6 APPPATH/Controllers/Common.php(395): frontView('seo-page-detail', [...])
 7 APPPATH/Controllers/Common.php(31): App\Controllers\Common->LoadSeoDetails([...], 'agra-cisce')
 8 SYSTEMPATH/CodeIgniter.php(941): App\Controllers\Common->index()
 9 SYSTEMPATH/CodeIgniter.php(502): CodeIgniter\CodeIgniter->runController(Object(App\Controllers\Common))
10 SYSTEMPATH/CodeIgniter.php(361): CodeIgniter\CodeIgniter->handleRequest(null, Object(Config\Cache), false)
11 FCPATH/index.php(79): CodeIgniter\CodeIgniter->run()
CRITICAL - 2024-04-04 12:23:50 --> ErrorException: Undefined array key "original_table_id"
in APPPATH/Views/frontend/seo-page-detail.php on line 34.
 1 APPPATH/Views/frontend/seo-page-detail.php(34): CodeIgniter\Debug\Exceptions->errorHandler(2, 'Undefined array key "original_table_id"', '/home/nshops1/public_html/shishyaguru.nshops.in/app/Views/frontend/seo-page-detail.php', 34)
 2 SYSTEMPATH/View/View.php(228): include('/home/nshops1/public_html/shishyaguru.nshops.in/app/Views/frontend/seo-page-detail.php')
 3 SYSTEMPATH/View/View.php(231): CodeIgniter\View\View->CodeIgniter\View\{closure}()
 4 SYSTEMPATH/Common.php(1178): CodeIgniter\View\View->render('frontend/seo-page-detail', [], true)
 5 APPPATH/Helpers/My_helper.php(46): view('frontend/seo-page-detail', [...])
 6 APPPATH/Controllers/Common.php(395): frontView('seo-page-detail', [...])
 7 APPPATH/Controllers/Common.php(31): App\Controllers\Common->LoadSeoDetails([...], 'agra-cisce')
 8 SYSTEMPATH/CodeIgniter.php(941): App\Controllers\Common->index()
 9 SYSTEMPATH/CodeIgniter.php(502): CodeIgniter\CodeIgniter->runController(Object(App\Controllers\Common))
10 SYSTEMPATH/CodeIgniter.php(361): CodeIgniter\CodeIgniter->handleRequest(null, Object(Config\Cache), false)
11 FCPATH/index.php(79): CodeIgniter\CodeIgniter->run()
CRITICAL - 2024-04-04 12:23:51 --> ErrorException: Undefined array key "original_table_id"
in APPPATH/Views/frontend/seo-page-detail.php on line 34.
 1 APPPATH/Views/frontend/seo-page-detail.php(34): CodeIgniter\Debug\Exceptions->errorHandler(2, 'Undefined array key "original_table_id"', '/home/nshops1/public_html/shishyaguru.nshops.in/app/Views/frontend/seo-page-detail.php', 34)
 2 SYSTEMPATH/View/View.php(228): include('/home/nshops1/public_html/shishyaguru.nshops.in/app/Views/frontend/seo-page-detail.php')
 3 SYSTEMPATH/View/View.php(231): CodeIgniter\View\View->CodeIgniter\View\{closure}()
 4 SYSTEMPATH/Common.php(1178): CodeIgniter\View\View->render('frontend/seo-page-detail', [], true)
 5 APPPATH/Helpers/My_helper.php(46): view('frontend/seo-page-detail', [...])
 6 APPPATH/Controllers/Common.php(395): frontView('seo-page-detail', [...])
 7 APPPATH/Controllers/Common.php(31): App\Controllers\Common->LoadSeoDetails([...], 'agra-cisce')
 8 SYSTEMPATH/CodeIgniter.php(941): App\Controllers\Common->index()
 9 SYSTEMPATH/CodeIgniter.php(502): CodeIgniter\CodeIgniter->runController(Object(App\Controllers\Common))
10 SYSTEMPATH/CodeIgniter.php(361): CodeIgniter\CodeIgniter->handleRequest(null, Object(Config\Cache), false)
11 FCPATH/index.php(79): CodeIgniter\CodeIgniter->run()
CRITICAL - 2024-04-04 12:23:59 --> ErrorException: Undefined array key "original_table_id"
in APPPATH/Views/frontend/seo-page-detail.php on line 34.
 1 APPPATH/Views/frontend/seo-page-detail.php(34): CodeIgniter\Debug\Exceptions->errorHandler(2, 'Undefined array key "original_table_id"', '/home/nshops1/public_html/shishyaguru.nshops.in/app/Views/frontend/seo-page-detail.php', 34)
 2 SYSTEMPATH/View/View.php(228): include('/home/nshops1/public_html/shishyaguru.nshops.in/app/Views/frontend/seo-page-detail.php')
 3 SYSTEMPATH/View/View.php(231): CodeIgniter\View\View->CodeIgniter\View\{closure}()
 4 SYSTEMPATH/Common.php(1178): CodeIgniter\View\View->render('frontend/seo-page-detail', [], true)
 5 APPPATH/Helpers/My_helper.php(46): view('frontend/seo-page-detail', [...])
 6 APPPATH/Controllers/Common.php(395): frontView('seo-page-detail', [...])
 7 APPPATH/Controllers/Common.php(31): App\Controllers\Common->LoadSeoDetails([...], 'agra-computer-applications')
 8 SYSTEMPATH/CodeIgniter.php(941): App\Controllers\Common->index()
 9 SYSTEMPATH/CodeIgniter.php(502): CodeIgniter\CodeIgniter->runController(Object(App\Controllers\Common))
10 SYSTEMPATH/CodeIgniter.php(361): CodeIgniter\CodeIgniter->handleRequest(null, Object(Config\Cache), false)
11 FCPATH/index.php(79): CodeIgniter\CodeIgniter->run()
CRITICAL - 2024-04-04 12:24:04 --> ErrorException: Undefined array key "original_table_id"
in APPPATH/Views/frontend/seo-page-detail.php on line 34.
 1 APPPATH/Views/frontend/seo-page-detail.php(34): CodeIgniter\Debug\Exceptions->errorHandler(2, 'Undefined array key "original_table_id"', '/home/nshops1/public_html/shishyaguru.nshops.in/app/Views/frontend/seo-page-detail.php', 34)
 2 SYSTEMPATH/View/View.php(228): include('/home/nshops1/public_html/shishyaguru.nshops.in/app/Views/frontend/seo-page-detail.php')
 3 SYSTEMPATH/View/View.php(231): CodeIgniter\View\View->CodeIgniter\View\{closure}()
 4 SYSTEMPATH/Common.php(1178): CodeIgniter\View\View->render('frontend/seo-page-detail', [], true)
 5 APPPATH/Helpers/My_helper.php(46): view('frontend/seo-page-detail', [...])
 6 APPPATH/Controllers/Common.php(395): frontView('seo-page-detail', [...])
 7 APPPATH/Controllers/Common.php(31): App\Controllers\Common->LoadSeoDetails([...], 'lucknow-computer-applications')
 8 SYSTEMPATH/CodeIgniter.php(941): App\Controllers\Common->index()
 9 SYSTEMPATH/CodeIgniter.php(502): CodeIgniter\CodeIgniter->runController(Object(App\Controllers\Common))
10 SYSTEMPATH/CodeIgniter.php(361): CodeIgniter\CodeIgniter->handleRequest(null, Object(Config\Cache), false)
11 FCPATH/index.php(79): CodeIgniter\CodeIgniter->run()
CRITICAL - 2024-04-04 12:24:09 --> ErrorException: Undefined array key "original_table_id"
in APPPATH/Views/frontend/seo-page-detail.php on line 34.
 1 APPPATH/Views/frontend/seo-page-detail.php(34): CodeIgniter\Debug\Exceptions->errorHandler(2, 'Undefined array key "original_table_id"', '/home/nshops1/public_html/shishyaguru.nshops.in/app/Views/frontend/seo-page-detail.php', 34)
 2 SYSTEMPATH/View/View.php(228): include('/home/nshops1/public_html/shishyaguru.nshops.in/app/Views/frontend/seo-page-detail.php')
 3 SYSTEMPATH/View/View.php(231): CodeIgniter\View\View->CodeIgniter\View\{closure}()
 4 SYSTEMPATH/Common.php(1178): CodeIgniter\View\View->render('frontend/seo-page-detail', [], true)
 5 APPPATH/Helpers/My_helper.php(46): view('frontend/seo-page-detail', [...])
 6 APPPATH/Controllers/Common.php(395): frontView('seo-page-detail', [...])
 7 APPPATH/Controllers/Common.php(31): App\Controllers\Common->LoadSeoDetails([...], 'kanpur-computer-applications')
 8 SYSTEMPATH/CodeIgniter.php(941): App\Controllers\Common->index()
 9 SYSTEMPATH/CodeIgniter.php(502): CodeIgniter\CodeIgniter->runController(Object(App\Controllers\Common))
10 SYSTEMPATH/CodeIgniter.php(361): CodeIgniter\CodeIgniter->handleRequest(null, Object(Config\Cache), false)
11 FCPATH/index.php(79): CodeIgniter\CodeIgniter->run()
CRITICAL - 2024-04-04 12:24:16 --> ErrorException: Undefined array key "original_table_id"
in APPPATH/Views/frontend/seo-page-detail.php on line 34.
 1 APPPATH/Views/frontend/seo-page-detail.php(34): CodeIgniter\Debug\Exceptions->errorHandler(2, 'Undefined array key "original_table_id"', '/home/nshops1/public_html/shishyaguru.nshops.in/app/Views/frontend/seo-page-detail.php', 34)
 2 SYSTEMPATH/View/View.php(228): include('/home/nshops1/public_html/shishyaguru.nshops.in/app/Views/frontend/seo-page-detail.php')
 3 SYSTEMPATH/View/View.php(231): CodeIgniter\View\View->CodeIgniter\View\{closure}()
 4 SYSTEMPATH/Common.php(1178): CodeIgniter\View\View->render('frontend/seo-page-detail', [], true)
 5 APPPATH/Helpers/My_helper.php(46): view('frontend/seo-page-detail', [...])
 6 APPPATH/Controllers/Common.php(395): frontView('seo-page-detail', [...])
 7 APPPATH/Controllers/Common.php(31): App\Controllers\Common->LoadSeoDetails([...], 'lucknow-class-10')
 8 SYSTEMPATH/CodeIgniter.php(941): App\Controllers\Common->index()
 9 SYSTEMPATH/CodeIgniter.php(502): CodeIgniter\CodeIgniter->runController(Object(App\Controllers\Common))
10 SYSTEMPATH/CodeIgniter.php(361): CodeIgniter\CodeIgniter->handleRequest(null, Object(Config\Cache), false)
11 FCPATH/index.php(79): CodeIgniter\CodeIgniter->run()
CRITICAL - 2024-04-04 12:24:19 --> ErrorException: Undefined array key "original_table_id"
in APPPATH/Views/frontend/seo-page-detail.php on line 34.
 1 APPPATH/Views/frontend/seo-page-detail.php(34): CodeIgniter\Debug\Exceptions->errorHandler(2, 'Undefined array key "original_table_id"', '/home/nshops1/public_html/shishyaguru.nshops.in/app/Views/frontend/seo-page-detail.php', 34)
 2 SYSTEMPATH/View/View.php(228): include('/home/nshops1/public_html/shishyaguru.nshops.in/app/Views/frontend/seo-page-detail.php')
 3 SYSTEMPATH/View/View.php(231): CodeIgniter\View\View->CodeIgniter\View\{closure}()
 4 SYSTEMPATH/Common.php(1178): CodeIgniter\View\View->render('frontend/seo-page-detail', [], true)
 5 APPPATH/Helpers/My_helper.php(46): view('frontend/seo-page-detail', [...])
 6 APPPATH/Controllers/Common.php(395): frontView('seo-page-detail', [...])
 7 APPPATH/Controllers/Common.php(31): App\Controllers\Common->LoadSeoDetails([...], 'lucknow-cisce')
 8 SYSTEMPATH/CodeIgniter.php(941): App\Controllers\Common->index()
 9 SYSTEMPATH/CodeIgniter.php(502): CodeIgniter\CodeIgniter->runController(Object(App\Controllers\Common))
10 SYSTEMPATH/CodeIgniter.php(361): CodeIgniter\CodeIgniter->handleRequest(null, Object(Config\Cache), false)
11 FCPATH/index.php(79): CodeIgniter\CodeIgniter->run()
CRITICAL - 2024-04-04 12:24:23 --> ErrorException: Undefined array key "original_table_id"
in APPPATH/Views/frontend/seo-page-detail.php on line 34.
 1 APPPATH/Views/frontend/seo-page-detail.php(34): CodeIgniter\Debug\Exceptions->errorHandler(2, 'Undefined array key "original_table_id"', '/home/nshops1/public_html/shishyaguru.nshops.in/app/Views/frontend/seo-page-detail.php', 34)
 2 SYSTEMPATH/View/View.php(228): include('/home/nshops1/public_html/shishyaguru.nshops.in/app/Views/frontend/seo-page-detail.php')
 3 SYSTEMPATH/View/View.php(231): CodeIgniter\View\View->CodeIgniter\View\{closure}()
 4 SYSTEMPATH/Common.php(1178): CodeIgniter\View\View->render('frontend/seo-page-detail', [], true)
 5 APPPATH/Helpers/My_helper.php(46): view('frontend/seo-page-detail', [...])
 6 APPPATH/Controllers/Common.php(395): frontView('seo-page-detail', [...])
 7 APPPATH/Controllers/Common.php(31): App\Controllers\Common->LoadSeoDetails([...], 'agra-cisce')
 8 SYSTEMPATH/CodeIgniter.php(941): App\Controllers\Common->index()
 9 SYSTEMPATH/CodeIgniter.php(502): CodeIgniter\CodeIgniter->runController(Object(App\Controllers\Common))
10 SYSTEMPATH/CodeIgniter.php(361): CodeIgniter\CodeIgniter->handleRequest(null, Object(Config\Cache), false)
11 FCPATH/index.php(79): CodeIgniter\CodeIgniter->run()
CRITICAL - 2024-04-04 12:24:25 --> ErrorException: Undefined array key "original_table_id"
in APPPATH/Views/frontend/seo-page-detail.php on line 34.
 1 APPPATH/Views/frontend/seo-page-detail.php(34): CodeIgniter\Debug\Exceptions->errorHandler(2, 'Undefined array key "original_table_id"', '/home/nshops1/public_html/shishyaguru.nshops.in/app/Views/frontend/seo-page-detail.php', 34)
 2 SYSTEMPATH/View/View.php(228): include('/home/nshops1/public_html/shishyaguru.nshops.in/app/Views/frontend/seo-page-detail.php')
 3 SYSTEMPATH/View/View.php(231): CodeIgniter\View\View->CodeIgniter\View\{closure}()
 4 SYSTEMPATH/Common.php(1178): CodeIgniter\View\View->render('frontend/seo-page-detail', [], true)
 5 APPPATH/Helpers/My_helper.php(46): view('frontend/seo-page-detail', [...])
 6 APPPATH/Controllers/Common.php(395): frontView('seo-page-detail', [...])
 7 APPPATH/Controllers/Common.php(31): App\Controllers\Common->LoadSeoDetails([...], 'kanpur-cisce')
 8 SYSTEMPATH/CodeIgniter.php(941): App\Controllers\Common->index()
 9 SYSTEMPATH/CodeIgniter.php(502): CodeIgniter\CodeIgniter->runController(Object(App\Controllers\Common))
10 SYSTEMPATH/CodeIgniter.php(361): CodeIgniter\CodeIgniter->handleRequest(null, Object(Config\Cache), false)
11 FCPATH/index.php(79): CodeIgniter\CodeIgniter->run()
CRITICAL - 2024-04-04 12:24:29 --> ErrorException: Undefined array key "original_table_id"
in APPPATH/Views/frontend/seo-page-detail.php on line 34.
 1 APPPATH/Views/frontend/seo-page-detail.php(34): CodeIgniter\Debug\Exceptions->errorHandler(2, 'Undefined array key "original_table_id"', '/home/nshops1/public_html/shishyaguru.nshops.in/app/Views/frontend/seo-page-detail.php', 34)
 2 SYSTEMPATH/View/View.php(228): include('/home/nshops1/public_html/shishyaguru.nshops.in/app/Views/frontend/seo-page-detail.php')
 3 SYSTEMPATH/View/View.php(231): CodeIgniter\View\View->CodeIgniter\View\{closure}()
 4 SYSTEMPATH/Common.php(1178): CodeIgniter\View\View->render('frontend/seo-page-detail', [], true)
 5 APPPATH/Helpers/My_helper.php(46): view('frontend/seo-page-detail', [...])
 6 APPPATH/Controllers/Common.php(395): frontView('seo-page-detail', [...])
 7 APPPATH/Controllers/Common.php(31): App\Controllers\Common->LoadSeoDetails([...], 'prayagraj-cisce')
 8 SYSTEMPATH/CodeIgniter.php(941): App\Controllers\Common->index()
 9 SYSTEMPATH/CodeIgniter.php(502): CodeIgniter\CodeIgniter->runController(Object(App\Controllers\Common))
10 SYSTEMPATH/CodeIgniter.php(361): CodeIgniter\CodeIgniter->handleRequest(null, Object(Config\Cache), false)
11 FCPATH/index.php(79): CodeIgniter\CodeIgniter->run()
CRITICAL - 2024-04-04 12:24:37 --> ErrorException: Undefined array key "original_table_id"
in APPPATH/Views/frontend/seo-page-detail.php on line 34.
 1 APPPATH/Views/frontend/seo-page-detail.php(34): CodeIgniter\Debug\Exceptions->errorHandler(2, 'Undefined array key "original_table_id"', '/home/nshops1/public_html/shishyaguru.nshops.in/app/Views/frontend/seo-page-detail.php', 34)
 2 SYSTEMPATH/View/View.php(228): include('/home/nshops1/public_html/shishyaguru.nshops.in/app/Views/frontend/seo-page-detail.php')
 3 SYSTEMPATH/View/View.php(231): CodeIgniter\View\View->CodeIgniter\View\{closure}()
 4 SYSTEMPATH/Common.php(1178): CodeIgniter\View\View->render('frontend/seo-page-detail', [], true)
 5 APPPATH/Helpers/My_helper.php(46): view('frontend/seo-page-detail', [...])
 6 APPPATH/Controllers/Common.php(395): frontView('seo-page-detail', [...])
 7 APPPATH/Controllers/Common.php(31): App\Controllers\Common->LoadSeoDetails([...], 'lucknow-cisce')
 8 SYSTEMPATH/CodeIgniter.php(941): App\Controllers\Common->index()
 9 SYSTEMPATH/CodeIgniter.php(502): CodeIgniter\CodeIgniter->runController(Object(App\Controllers\Common))
10 SYSTEMPATH/CodeIgniter.php(361): CodeIgniter\CodeIgniter->handleRequest(null, Object(Config\Cache), false)
11 FCPATH/index.php(79): CodeIgniter\CodeIgniter->run()
CRITICAL - 2024-04-04 12:24:38 --> ErrorException: Undefined array key "original_table_id"
in APPPATH/Views/frontend/seo-page-detail.php on line 34.
 1 APPPATH/Views/frontend/seo-page-detail.php(34): CodeIgniter\Debug\Exceptions->errorHandler(2, 'Undefined array key "original_table_id"', '/home/nshops1/public_html/shishyaguru.nshops.in/app/Views/frontend/seo-page-detail.php', 34)
 2 SYSTEMPATH/View/View.php(228): include('/home/nshops1/public_html/shishyaguru.nshops.in/app/Views/frontend/seo-page-detail.php')
 3 SYSTEMPATH/View/View.php(231): CodeIgniter\View\View->CodeIgniter\View\{closure}()
 4 SYSTEMPATH/Common.php(1178): CodeIgniter\View\View->render('frontend/seo-page-detail', [], true)
 5 APPPATH/Helpers/My_helper.php(46): view('frontend/seo-page-detail', [...])
 6 APPPATH/Controllers/Common.php(395): frontView('seo-page-detail', [...])
 7 APPPATH/Controllers/Common.php(31): App\Controllers\Common->LoadSeoDetails([...], 'lucknow-computer-applications')
 8 SYSTEMPATH/CodeIgniter.php(941): App\Controllers\Common->index()
 9 SYSTEMPATH/CodeIgniter.php(502): CodeIgniter\CodeIgniter->runController(Object(App\Controllers\Common))
10 SYSTEMPATH/CodeIgniter.php(361): CodeIgniter\CodeIgniter->handleRequest(null, Object(Config\Cache), false)
11 FCPATH/index.php(79): CodeIgniter\CodeIgniter->run()
CRITICAL - 2024-04-04 12:24:41 --> ErrorException: Undefined array key "original_table_id"
in APPPATH/Views/frontend/seo-page-detail.php on line 34.
 1 APPPATH/Views/frontend/seo-page-detail.php(34): CodeIgniter\Debug\Exceptions->errorHandler(2, 'Undefined array key "original_table_id"', '/home/nshops1/public_html/shishyaguru.nshops.in/app/Views/frontend/seo-page-detail.php', 34)
 2 SYSTEMPATH/View/View.php(228): include('/home/nshops1/public_html/shishyaguru.nshops.in/app/Views/frontend/seo-page-detail.php')
 3 SYSTEMPATH/View/View.php(231): CodeIgniter\View\View->CodeIgniter\View\{closure}()
 4 SYSTEMPATH/Common.php(1178): CodeIgniter\View\View->render('frontend/seo-page-detail', [], true)
 5 APPPATH/Helpers/My_helper.php(46): view('frontend/seo-page-detail', [...])
 6 APPPATH/Controllers/Common.php(395): frontView('seo-page-detail', [...])
 7 APPPATH/Controllers/Common.php(31): App\Controllers\Common->LoadSeoDetails([...], 'kanpur-cisce')
 8 SYSTEMPATH/CodeIgniter.php(941): App\Controllers\Common->index()
 9 SYSTEMPATH/CodeIgniter.php(502): CodeIgniter\CodeIgniter->runController(Object(App\Controllers\Common))
10 SYSTEMPATH/CodeIgniter.php(361): CodeIgniter\CodeIgniter->handleRequest(null, Object(Config\Cache), false)
11 FCPATH/index.php(79): CodeIgniter\CodeIgniter->run()
CRITICAL - 2024-04-04 12:24:51 --> ErrorException: Undefined array key "original_table_id"
in APPPATH/Views/frontend/seo-page-detail.php on line 34.
 1 APPPATH/Views/frontend/seo-page-detail.php(34): CodeIgniter\Debug\Exceptions->errorHandler(2, 'Undefined array key "original_table_id"', '/home/nshops1/public_html/shishyaguru.nshops.in/app/Views/frontend/seo-page-detail.php', 34)
 2 SYSTEMPATH/View/View.php(228): include('/home/nshops1/public_html/shishyaguru.nshops.in/app/Views/frontend/seo-page-detail.php')
 3 SYSTEMPATH/View/View.php(231): CodeIgniter\View\View->CodeIgniter\View\{closure}()
 4 SYSTEMPATH/Common.php(1178): CodeIgniter\View\View->render('frontend/seo-page-detail', [], true)
 5 APPPATH/Helpers/My_helper.php(46): view('frontend/seo-page-detail', [...])
 6 APPPATH/Controllers/Common.php(396): frontView('seo-page-detail', [...])
 7 APPPATH/Controllers/Common.php(31): App\Controllers\Common->LoadSeoDetails([...], 'lucknow-computer-applications')
 8 SYSTEMPATH/CodeIgniter.php(941): App\Controllers\Common->index()
 9 SYSTEMPATH/CodeIgniter.php(502): CodeIgniter\CodeIgniter->runController(Object(App\Controllers\Common))
10 SYSTEMPATH/CodeIgniter.php(361): CodeIgniter\CodeIgniter->handleRequest(null, Object(Config\Cache), false)
11 FCPATH/index.php(79): CodeIgniter\CodeIgniter->run()
CRITICAL - 2024-04-04 12:25:06 --> ErrorException: Undefined array key "original_table_id"
in APPPATH/Views/frontend/seo-page-detail.php on line 34.
 1 APPPATH/Views/frontend/seo-page-detail.php(34): CodeIgniter\Debug\Exceptions->errorHandler(2, 'Undefined array key "original_table_id"', '/home/nshops1/public_html/shishyaguru.nshops.in/app/Views/frontend/seo-page-detail.php', 34)
 2 SYSTEMPATH/View/View.php(228): include('/home/nshops1/public_html/shishyaguru.nshops.in/app/Views/frontend/seo-page-detail.php')
 3 SYSTEMPATH/View/View.php(231): CodeIgniter\View\View->CodeIgniter\View\{closure}()
 4 SYSTEMPATH/Common.php(1178): CodeIgniter\View\View->render('frontend/seo-page-detail', [], true)
 5 APPPATH/Helpers/My_helper.php(46): view('frontend/seo-page-detail', [...])
 6 APPPATH/Controllers/Common.php(396): frontView('seo-page-detail', [...])
 7 APPPATH/Controllers/Common.php(31): App\Controllers\Common->LoadSeoDetails([...], 'lucknow-computer-applications')
 8 SYSTEMPATH/CodeIgniter.php(941): App\Controllers\Common->index()
 9 SYSTEMPATH/CodeIgniter.php(502): CodeIgniter\CodeIgniter->runController(Object(App\Controllers\Common))
10 SYSTEMPATH/CodeIgniter.php(361): CodeIgniter\CodeIgniter->handleRequest(null, Object(Config\Cache), false)
11 FCPATH/index.php(79): CodeIgniter\CodeIgniter->run()
CRITICAL - 2024-04-04 15:01:34 --> ErrorException: Undefined array key "image_jpg"
in APPPATH/Views/frontend/blog-listing.php on line 120.
 1 APPPATH/Views/frontend/blog-listing.php(120): CodeIgniter\Debug\Exceptions->errorHandler(2, 'Undefined array key "image_jpg"', '/home/nshops1/public_html/shishyaguru.nshops.in/app/Views/frontend/blog-listing.php', 120)
 2 SYSTEMPATH/View/View.php(228): include('/home/nshops1/public_html/shishyaguru.nshops.in/app/Views/frontend/blog-listing.php')
 3 SYSTEMPATH/View/View.php(231): CodeIgniter\View\View->CodeIgniter\View\{closure}()
 4 SYSTEMPATH/Common.php(1178): CodeIgniter\View\View->render('frontend/blog-listing', [], true)
 5 APPPATH/Helpers/My_helper.php(46): view('frontend/blog-listing', [...])
 6 APPPATH/Controllers/Common.php(122): frontView('blog-listing', [...])
 7 APPPATH/Controllers/Common.php(25): App\Controllers\Common->LoadCmsPage([...], 'blogs')
 8 SYSTEMPATH/CodeIgniter.php(941): App\Controllers\Common->index()
 9 SYSTEMPATH/CodeIgniter.php(502): CodeIgniter\CodeIgniter->runController(Object(App\Controllers\Common))
10 SYSTEMPATH/CodeIgniter.php(361): CodeIgniter\CodeIgniter->handleRequest(null, Object(Config\Cache), false)
11 FCPATH/index.php(79): CodeIgniter\CodeIgniter->run()
INFO - 2024-04-04 15:01:49 --> Session: Class initialized using 'CodeIgniter\Session\Handlers\FileHandler' driver.
CRITICAL - 2024-04-04 15:01:49 --> ErrorException: Undefined array key "image_jpg"
in APPPATH/Views/frontend/blog-listing.php on line 120.
 1 APPPATH/Views/frontend/blog-listing.php(120): CodeIgniter\Debug\Exceptions->errorHandler(2, 'Undefined array key "image_jpg"', '/home/nshops1/public_html/shishyaguru.nshops.in/app/Views/frontend/blog-listing.php', 120)
 2 SYSTEMPATH/View/View.php(228): include('/home/nshops1/public_html/shishyaguru.nshops.in/app/Views/frontend/blog-listing.php')
 3 SYSTEMPATH/View/View.php(231): CodeIgniter\View\View->CodeIgniter\View\{closure}()
 4 SYSTEMPATH/Common.php(1178): CodeIgniter\View\View->render('frontend/blog-listing', [], true)
 5 APPPATH/Helpers/My_helper.php(46): view('frontend/blog-listing', [...])
 6 APPPATH/Controllers/Common.php(122): frontView('blog-listing', [...])
 7 APPPATH/Controllers/Common.php(25): App\Controllers\Common->LoadCmsPage([...], 'blogs')
 8 SYSTEMPATH/CodeIgniter.php(941): App\Controllers\Common->index()
 9 SYSTEMPATH/CodeIgniter.php(502): CodeIgniter\CodeIgniter->runController(Object(App\Controllers\Common))
10 SYSTEMPATH/CodeIgniter.php(361): CodeIgniter\CodeIgniter->handleRequest(null, Object(Config\Cache), false)
11 FCPATH/index.php(79): CodeIgniter\CodeIgniter->run()
INFO - 2024-04-04 15:01:50 --> Session: Class initialized using 'CodeIgniter\Session\Handlers\FileHandler' driver.
INFO - 2024-04-04 15:02:15 --> Session: Class initialized using 'CodeIgniter\Session\Handlers\FileHandler' driver.
INFO - 2024-04-04 15:02:16 --> Session: Class initialized using 'CodeIgniter\Session\Handlers\FileHandler' driver.
INFO - 2024-04-04 15:02:16 --> Session: Class initialized using 'CodeIgniter\Session\Handlers\FileHandler' driver.
